{"meta": {"format": 3, "version": "7.9.1", "timestamp": "2025-10-15T09:13:16.899237", "branch_coverage": false, "show_contexts": false}, "files": {"config\\__init__.py": {"executed_lines": [1, 3], "summary": {"covered_lines": 2, "num_statements": 2, "percent_covered": 100.0, "percent_covered_display": "100", "missing_lines": 0, "excluded_lines": 0}, "missing_lines": [], "excluded_lines": [], "functions": {"": {"executed_lines": [1, 3], "summary": {"covered_lines": 2, "num_statements": 2, "percent_covered": 100.0, "percent_covered_display": "100", "missing_lines": 0, "excluded_lines": 0}, "missing_lines": [], "excluded_lines": []}}, "classes": {"": {"executed_lines": [1, 3], "summary": {"covered_lines": 2, "num_statements": 2, "percent_covered": 100.0, "percent_covered_display": "100", "missing_lines": 0, "excluded_lines": 0}, "missing_lines": [], "excluded_lines": []}}}, "config\\asgi.py": {"executed_lines": [], "summary": {"covered_lines": 0, "num_statements": 4, "percent_covered": 0.0, "percent_covered_display": "0", "missing_lines": 4, "excluded_lines": 0}, "missing_lines": [10, 12, 14, 16], "excluded_lines": [], "functions": {"": {"executed_lines": [], "summary": {"covered_lines": 0, "num_statements": 4, "percent_covered": 0.0, "percent_covered_display": "0", "missing_lines": 4, "excluded_lines": 0}, "missing_lines": [10, 12, 14, 16], "excluded_lines": []}}, "classes": {"": {"executed_lines": [], "summary": {"covered_lines": 0, "num_statements": 4, "percent_covered": 0.0, "percent_covered_display": "0", "missing_lines": 4, "excluded_lines": 0}, "missing_lines": [10, 12, 14, 16], "excluded_lines": []}}}, "config\\celery.py": {"executed_lines": [1, 2, 4, 6, 8, 10, 13, 14], "summary": {"covered_lines": 8, "num_statements": 9, "percent_covered": 88.88888888888889, "percent_covered_display": "89", "missing_lines": 1, "excluded_lines": 0}, "missing_lines": [15], "excluded_lines": [], "functions": {"debug_task": {"executed_lines": [], "summary": {"covered_lines": 0, "num_statements": 1, "percent_covered": 0.0, "percent_covered_display": "0", "missing_lines": 1, "excluded_lines": 0}, "missing_lines": [15], "excluded_lines": []}, "": {"executed_lines": [1, 2, 4, 6, 8, 10, 13, 14], "summary": {"covered_lines": 8, "num_statements": 8, "percent_covered": 100.0, "percent_covered_display": "100", "missing_lines": 0, "excluded_lines": 0}, "missing_lines": [], "excluded_lines": []}}, "classes": {"": {"executed_lines": [1, 2, 4, 6, 8, 10, 13, 14], "summary": {"covered_lines": 8, "num_statements": 9, "percent_covered": 88.88888888888889, "percent_covered_display": "89", "missing_lines": 1, "excluded_lines": 0}, "missing_lines": [15], "excluded_lines": []}}}, "config\\settings.py": {"executed_lines": [1, 2, 3, 4, 6, 8, 10, 12, 14, 16, 19, 41, 52, 54, 70, 72, 90, 105, 124, 126, 128, 129, 131, 133, 134, 137, 139, 140, 143, 145, 147, 152, 157, 161, 163, 165, 166, 167, 168, 169, 170, 171, 172, 173, 175, 177, 192, 193, 194, 195, 196, 197, 198, 199, 201, 202, 208, 213, 215, 216, 218, 219, 220, 222, 227], "summary": {"covered_lines": 64, "num_statements": 64, "percent_covered": 100.0, "percent_covered_display": "100", "missing_lines": 0, "excluded_lines": 2}, "missing_lines": [], "excluded_lines": [103, 105], "functions": {"": {"executed_lines": [1, 2, 3, 4, 6, 8, 10, 12, 14, 16, 19, 41, 52, 54, 70, 72, 90, 105, 124, 126, 128, 129, 131, 133, 134, 137, 139, 140, 143, 145, 147, 152, 157, 161, 163, 165, 166, 167, 168, 169, 170, 171, 172, 173, 175, 177, 192, 193, 194, 195, 196, 197, 198, 199, 201, 202, 208, 213, 215, 216, 218, 219, 220, 222, 227], "summary": {"covered_lines": 64, "num_statements": 64, "percent_covered": 100.0, "percent_covered_display": "100", "missing_lines": 0, "excluded_lines": 2}, "missing_lines": [], "excluded_lines": [103, 105]}}, "classes": {"": {"executed_lines": [1, 2, 3, 4, 6, 8, 10, 12, 14, 16, 19, 41, 52, 54, 70, 72, 90, 105, 124, 126, 128, 129, 131, 133, 134, 137, 139, 140, 143, 145, 147, 152, 157, 161, 163, 165, 166, 167, 168, 169, 170, 171, 172, 173, 175, 177, 192, 193, 194, 195, 196, 197, 198, 199, 201, 202, 208, 213, 215, 216, 218, 219, 220, 222, 227], "summary": {"covered_lines": 64, "num_statements": 64, "percent_covered": 100.0, "percent_covered_display": "100", "missing_lines": 0, "excluded_lines": 2}, "missing_lines": [], "excluded_lines": [103, 105]}}}, "config\\urls.py": {"executed_lines": [1, 2, 4, 5, 6, 7, 8, 9, 10, 12, 25, 27, 44, 45], "summary": {"covered_lines": 14, "num_statements": 14, "percent_covered": 100.0, "percent_covered_display": "100", "missing_lines": 0, "excluded_lines": 0}, "missing_lines": [], "excluded_lines": [], "functions": {"": {"executed_lines": [1, 2, 4, 5, 6, 7, 8, 9, 10, 12, 25, 27, 44, 45], "summary": {"covered_lines": 14, "num_statements": 14, "percent_covered": 100.0, "percent_covered_display": "100", "missing_lines": 0, "excluded_lines": 0}, "missing_lines": [], "excluded_lines": []}}, "classes": {"": {"executed_lines": [1, 2, 4, 5, 6, 7, 8, 9, 10, 12, 25, 27, 44, 45], "summary": {"covered_lines": 14, "num_statements": 14, "percent_covered": 100.0, "percent_covered_display": "100", "missing_lines": 0, "excluded_lines": 0}, "missing_lines": [], "excluded_lines": []}}}, "config\\wsgi.py": {"executed_lines": [], "summary": {"covered_lines": 0, "num_statements": 4, "percent_covered": 0.0, "percent_covered_display": "0", "missing_lines": 4, "excluded_lines": 0}, "missing_lines": [10, 12, 14, 16], "excluded_lines": [], "functions": {"": {"executed_lines": [], "summary": {"covered_lines": 0, "num_statements": 4, "percent_covered": 0.0, "percent_covered_display": "0", "missing_lines": 4, "excluded_lines": 0}, "missing_lines": [10, 12, 14, 16], "excluded_lines": []}}, "classes": {"": {"executed_lines": [], "summary": {"covered_lines": 0, "num_statements": 4, "percent_covered": 0.0, "percent_covered_display": "0", "missing_lines": 4, "excluded_lines": 0}, "missing_lines": [10, 12, 14, 16], "excluded_lines": []}}}, "goal\\__init__.py": {"executed_lines": [0], "summary": {"covered_lines": 0, "num_statements": 0, "percent_covered": 100.0, "percent_covered_display": "100", "missing_lines": 0, "excluded_lines": 0}, "missing_lines": [], "excluded_lines": [], "functions": {"": {"executed_lines": [], "summary": {"covered_lines": 0, "num_statements": 0, "percent_covered": 100.0, "percent_covered_display": "100", "missing_lines": 0, "excluded_lines": 0}, "missing_lines": [], "excluded_lines": []}}, "classes": {"": {"executed_lines": [], "summary": {"covered_lines": 0, "num_statements": 0, "percent_covered": 100.0, "percent_covered_display": "100", "missing_lines": 0, "excluded_lines": 0}, "missing_lines": [], "excluded_lines": []}}}, "goal\\forms.py": {"executed_lines": [1, 3, 6, 7, 8, 9, 19, 44], "summary": {"covered_lines": 8, "num_statements": 16, "percent_covered": 50.0, "percent_covered_display": "50", "missing_lines": 8, "excluded_lines": 0}, "missing_lines": [45, 46, 47, 48, 49, 50, 52, 53], "excluded_lines": [], "functions": {"GoalForms.__init__": {"executed_lines": [], "summary": {"covered_lines": 0, "num_statements": 8, "percent_covered": 0.0, "percent_covered_display": "0", "missing_lines": 8, "excluded_lines": 0}, "missing_lines": [45, 46, 47, 48, 49, 50, 52, 53], "excluded_lines": []}, "": {"executed_lines": [1, 3, 6, 7, 8, 9, 19, 44], "summary": {"covered_lines": 8, "num_statements": 8, "percent_covered": 100.0, "percent_covered_display": "100", "missing_lines": 0, "excluded_lines": 0}, "missing_lines": [], "excluded_lines": []}}, "classes": {"GoalForms": {"executed_lines": [], "summary": {"covered_lines": 0, "num_statements": 8, "percent_covered": 0.0, "percent_covered_display": "0", "missing_lines": 8, "excluded_lines": 0}, "missing_lines": [45, 46, 47, 48, 49, 50, 52, 53], "excluded_lines": []}, "GoalForms.Meta": {"executed_lines": [], "summary": {"covered_lines": 0, "num_statements": 0, "percent_covered": 100.0, "percent_covered_display": "100", "missing_lines": 0, "excluded_lines": 0}, "missing_lines": [], "excluded_lines": []}, "": {"executed_lines": [1, 3, 6, 7, 8, 9, 19, 44], "summary": {"covered_lines": 8, "num_statements": 8, "percent_covered": 100.0, "percent_covered_display": "100", "missing_lines": 0, "excluded_lines": 0}, "missing_lines": [], "excluded_lines": []}}}, "goal\\models.py": {"executed_lines": [1, 2, 4, 7, 8, 9, 10, 17, 24, 31, 39, 40, 43, 48, 51, 56, 62, 69, 75, 77, 78, 80], "summary": {"covered_lines": 21, "num_statements": 21, "percent_covered": 100.0, "percent_covered_display": "100", "missing_lines": 0, "excluded_lines": 2}, "missing_lines": [], "excluded_lines": [80, 81], "functions": {"Goal.__str__": {"executed_lines": [], "summary": {"covered_lines": 0, "num_statements": 0, "percent_covered": 100.0, "percent_covered_display": "100", "missing_lines": 0, "excluded_lines": 1}, "missing_lines": [], "excluded_lines": [81]}, "": {"executed_lines": [1, 2, 4, 7, 8, 9, 10, 17, 24, 31, 39, 40, 43, 48, 51, 56, 62, 69, 75, 77, 78, 80], "summary": {"covered_lines": 21, "num_statements": 21, "percent_covered": 100.0, "percent_covered_display": "100", "missing_lines": 0, "excluded_lines": 1}, "missing_lines": [], "excluded_lines": [80]}}, "classes": {"Goal": {"executed_lines": [], "summary": {"covered_lines": 0, "num_statements": 0, "percent_covered": 100.0, "percent_covered_display": "100", "missing_lines": 0, "excluded_lines": 1}, "missing_lines": [], "excluded_lines": [81]}, "Goal.Meta": {"executed_lines": [], "summary": {"covered_lines": 0, "num_statements": 0, "percent_covered": 100.0, "percent_covered_display": "100", "missing_lines": 0, "excluded_lines": 0}, "missing_lines": [], "excluded_lines": []}, "": {"executed_lines": [1, 2, 4, 7, 8, 9, 10, 17, 24, 31, 39, 40, 43, 48, 51, 56, 62, 69, 75, 77, 78, 80], "summary": {"covered_lines": 21, "num_statements": 21, "percent_covered": 100.0, "percent_covered_display": "100", "missing_lines": 0, "excluded_lines": 1}, "missing_lines": [], "excluded_lines": [80]}}}, "goal\\paginators.py": {"executed_lines": [1, 4, 5, 6, 7], "summary": {"covered_lines": 5, "num_statements": 5, "percent_covered": 100.0, "percent_covered_display": "100", "missing_lines": 0, "excluded_lines": 0}, "missing_lines": [], "excluded_lines": [], "functions": {"": {"executed_lines": [1, 4, 5, 6, 7], "summary": {"covered_lines": 5, "num_statements": 5, "percent_covered": 100.0, "percent_covered_display": "100", "missing_lines": 0, "excluded_lines": 0}, "missing_lines": [], "excluded_lines": []}}, "classes": {"CustomPaginator": {"executed_lines": [], "summary": {"covered_lines": 0, "num_statements": 0, "percent_covered": 100.0, "percent_covered_display": "100", "missing_lines": 0, "excluded_lines": 0}, "missing_lines": [], "excluded_lines": []}, "": {"executed_lines": [1, 4, 5, 6, 7], "summary": {"covered_lines": 5, "num_statements": 5, "percent_covered": 100.0, "percent_covered_display": "100", "missing_lines": 0, "excluded_lines": 0}, "missing_lines": [], "excluded_lines": []}}}, "goal\\serializers.py": {"executed_lines": [1, 3, 4, 10, 11, 12, 13, 14, 21, 24, 25, 26, 27], "summary": {"covered_lines": 13, "num_statements": 13, "percent_covered": 100.0, "percent_covered_display": "100", "missing_lines": 0, "excluded_lines": 0}, "missing_lines": [], "excluded_lines": [], "functions": {"": {"executed_lines": [1, 3, 4, 10, 11, 12, 13, 14, 21, 24, 25, 26, 27], "summary": {"covered_lines": 13, "num_statements": 13, "percent_covered": 100.0, "percent_covered_display": "100", "missing_lines": 0, "excluded_lines": 0}, "missing_lines": [], "excluded_lines": []}}, "classes": {"GoalSerializer": {"executed_lines": [], "summary": {"covered_lines": 0, "num_statements": 0, "percent_covered": 100.0, "percent_covered_display": "100", "missing_lines": 0, "excluded_lines": 0}, "missing_lines": [], "excluded_lines": []}, "GoalSerializer.Meta": {"executed_lines": [], "summary": {"covered_lines": 0, "num_statements": 0, "percent_covered": 100.0, "percent_covered_display": "100", "missing_lines": 0, "excluded_lines": 0}, "missing_lines": [], "excluded_lines": []}, "PublicListGoalSerializer": {"executed_lines": [], "summary": {"covered_lines": 0, "num_statements": 0, "percent_covered": 100.0, "percent_covered_display": "100", "missing_lines": 0, "excluded_lines": 0}, "missing_lines": [], "excluded_lines": []}, "PublicListGoalSerializer.Meta": {"executed_lines": [], "summary": {"covered_lines": 0, "num_statements": 0, "percent_covered": 100.0, "percent_covered_display": "100", "missing_lines": 0, "excluded_lines": 0}, "missing_lines": [], "excluded_lines": []}, "": {"executed_lines": [1, 3, 4, 10, 11, 12, 13, 14, 21, 24, 25, 26, 27], "summary": {"covered_lines": 13, "num_statements": 13, "percent_covered": 100.0, "percent_covered_display": "100", "missing_lines": 0, "excluded_lines": 0}, "missing_lines": [], "excluded_lines": []}}}, "goal\\services.py": {"executed_lines": [], "summary": {"covered_lines": 0, "num_statements": 23, "percent_covered": 0.0, "percent_covered_display": "0", "missing_lines": 23, "excluded_lines": 0}, "missing_lines": [1, 2, 4, 5, 7, 10, 12, 13, 14, 15, 16, 17, 18, 19, 20, 23, 25, 26, 31, 39, 40, 41, 42], "excluded_lines": [], "functions": {"send_telegram_message": {"executed_lines": [], "summary": {"covered_lines": 0, "num_statements": 9, "percent_covered": 0.0, "percent_covered_display": "0", "missing_lines": 9, "excluded_lines": 0}, "missing_lines": [12, 13, 14, 15, 16, 17, 18, 19, 20], "excluded_lines": []}, "set_schedule_every_day": {"executed_lines": [], "summary": {"covered_lines": 0, "num_statements": 7, "percent_covered": 0.0, "percent_covered_display": "0", "missing_lines": 7, "excluded_lines": 0}, "missing_lines": [25, 26, 31, 39, 40, 41, 42], "excluded_lines": []}, "": {"executed_lines": [], "summary": {"covered_lines": 0, "num_statements": 7, "percent_covered": 0.0, "percent_covered_display": "0", "missing_lines": 7, "excluded_lines": 0}, "missing_lines": [1, 2, 4, 5, 7, 10, 23], "excluded_lines": []}}, "classes": {"": {"executed_lines": [], "summary": {"covered_lines": 0, "num_statements": 23, "percent_covered": 0.0, "percent_covered_display": "0", "missing_lines": 23, "excluded_lines": 0}, "missing_lines": [1, 2, 4, 5, 7, 10, 12, 13, 14, 15, 16, 17, 18, 19, 20, 23, 25, 26, 31, 39, 40, 41, 42], "excluded_lines": []}}}, "goal\\tasks.py": {"executed_lines": [], "summary": {"covered_lines": 0, "num_statements": 10, "percent_covered": 0.0, "percent_covered_display": "0", "missing_lines": 10, "excluded_lines": 0}, "missing_lines": [1, 3, 6, 7, 10, 11, 13, 14, 16, 17], "excluded_lines": [], "functions": {"send_reminder_with_bot": {"executed_lines": [], "summary": {"covered_lines": 0, "num_statements": 4, "percent_covered": 0.0, "percent_covered_display": "0", "missing_lines": 4, "excluded_lines": 0}, "missing_lines": [13, 14, 16, 17], "excluded_lines": []}, "": {"executed_lines": [], "summary": {"covered_lines": 0, "num_statements": 6, "percent_covered": 0.0, "percent_covered_display": "0", "missing_lines": 6, "excluded_lines": 0}, "missing_lines": [1, 3, 6, 7, 10, 11], "excluded_lines": []}}, "classes": {"": {"executed_lines": [], "summary": {"covered_lines": 0, "num_statements": 10, "percent_covered": 0.0, "percent_covered_display": "0", "missing_lines": 10, "excluded_lines": 0}, "missing_lines": [1, 3, 6, 7, 10, 11, 13, 14, 16, 17], "excluded_lines": []}}}, "goal\\tests.py": {"executed_lines": [1, 2, 3, 4, 6, 9, 10, 12, 16, 17, 19, 23, 24, 27, 32, 39, 46, 47, 49, 50, 51, 53, 55, 57, 58, 59, 62, 64, 66, 67, 69, 83, 84, 86, 87, 88, 90, 92, 94, 95, 97, 100, 102, 104, 107, 112, 116, 126, 132, 133, 135, 136, 137, 139, 141, 143, 144, 146, 149, 151, 153, 156, 157, 160, 161, 163, 164, 165, 167, 169, 171, 172, 174, 177, 179, 181, 184, 185, 187, 189, 191, 192, 194, 197], "summary": {"covered_lines": 73, "num_statements": 92, "percent_covered": 79.34782608695652, "percent_covered_display": "79", "missing_lines": 19, "excluded_lines": 11}, "missing_lines": [60, 70, 72, 75, 76, 79, 80, 98, 118, 121, 122, 123, 127, 129, 147, 175, 198, 201, 202], "excluded_lines": [16, 23, 55, 64, 92, 102, 141, 151, 169, 179, 189], "functions": {"GoalViewsTestCase.setUp": {"executed_lines": [12, 16, 17, 19, 23, 24, 27, 32, 39], "summary": {"covered_lines": 7, "num_statements": 7, "percent_covered": 100.0, "percent_covered_display": "100", "missing_lines": 0, "excluded_lines": 2}, "missing_lines": [], "excluded_lines": [16, 23]}, "GoalListViewTest.test_requires_login": {"executed_lines": [49, 50, 51], "summary": {"covered_lines": 3, "num_statements": 3, "percent_covered": 100.0, "percent_covered_display": "100", "missing_lines": 0, "excluded_lines": 0}, "missing_lines": [], "excluded_lines": []}, "GoalListViewTest.test_authenticated_access": {"executed_lines": [55, 57, 58, 59], "summary": {"covered_lines": 3, "num_statements": 4, "percent_covered": 75.0, "percent_covered_display": "75", "missing_lines": 1, "excluded_lines": 1}, "missing_lines": [60], "excluded_lines": [55]}, "GoalListViewTest.test_context_contains_user_goals": {"executed_lines": [64, 66, 67, 69], "summary": {"covered_lines": 3, "num_statements": 9, "percent_covered": 33.333333333333336, "percent_covered_display": "33", "missing_lines": 6, "excluded_lines": 1}, "missing_lines": [70, 72, 75, 76, 79, 80], "excluded_lines": [64]}, "GoalCreateViewTest.test_requires_login": {"executed_lines": [86, 87, 88], "summary": {"covered_lines": 3, "num_statements": 3, "percent_covered": 100.0, "percent_covered_display": "100", "missing_lines": 0, "excluded_lines": 0}, "missing_lines": [], "excluded_lines": []}, "GoalCreateViewTest.test_get_create_view": {"executed_lines": [92, 94, 95, 97], "summary": {"covered_lines": 3, "num_statements": 4, "percent_covered": 75.0, "percent_covered_display": "75", "missing_lines": 1, "excluded_lines": 1}, "missing_lines": [98], "excluded_lines": [92]}, "GoalCreateViewTest.test_post_create_view_valid_data": {"executed_lines": [102, 104, 107, 112, 116, 126], "summary": {"covered_lines": 5, "num_statements": 11, "percent_covered": 45.45454545454545, "percent_covered_display": "45", "missing_lines": 6, "excluded_lines": 1}, "missing_lines": [118, 121, 122, 123, 127, 129], "excluded_lines": [102]}, "GoalUpdateViewTest.test_requires_login": {"executed_lines": [135, 136, 137], "summary": {"covered_lines": 3, "num_statements": 3, "percent_covered": 100.0, "percent_covered_display": "100", "missing_lines": 0, "excluded_lines": 0}, "missing_lines": [], "excluded_lines": []}, "GoalUpdateViewTest.test_get_update_own_goal": {"executed_lines": [141, 143, 144, 146], "summary": {"covered_lines": 3, "num_statements": 4, "percent_covered": 75.0, "percent_covered_display": "75", "missing_lines": 1, "excluded_lines": 1}, "missing_lines": [147], "excluded_lines": [141]}, "GoalUpdateViewTest.test_cannot_update_other_user_goal": {"executed_lines": [151, 153, 156, 157], "summary": {"covered_lines": 3, "num_statements": 3, "percent_covered": 100.0, "percent_covered_display": "100", "missing_lines": 0, "excluded_lines": 1}, "missing_lines": [], "excluded_lines": [151]}, "GoalDeleteViewTest.test_requires_login": {"executed_lines": [163, 164, 165], "summary": {"covered_lines": 3, "num_statements": 3, "percent_covered": 100.0, "percent_covered_display": "100", "missing_lines": 0, "excluded_lines": 0}, "missing_lines": [], "excluded_lines": []}, "GoalDeleteViewTest.test_get_delete_own_goal": {"executed_lines": [169, 171, 172, 174], "summary": {"covered_lines": 3, "num_statements": 4, "percent_covered": 75.0, "percent_covered_display": "75", "missing_lines": 1, "excluded_lines": 1}, "missing_lines": [175], "excluded_lines": [169]}, "GoalDeleteViewTest.test_cannot_delete_other_user_goal": {"executed_lines": [179, 181, 184, 185], "summary": {"covered_lines": 3, "num_statements": 3, "percent_covered": 100.0, "percent_covered_display": "100", "missing_lines": 0, "excluded_lines": 1}, "missing_lines": [], "excluded_lines": [179]}, "GoalDeleteViewTest.test_post_delete_own_goal": {"executed_lines": [189, 191, 192, 194, 197], "summary": {"covered_lines": 4, "num_statements": 7, "percent_covered": 57.142857142857146, "percent_covered_display": "57", "missing_lines": 3, "excluded_lines": 1}, "missing_lines": [198, 201, 202], "excluded_lines": [189]}, "": {"executed_lines": [1, 2, 3, 4, 6, 9, 10, 46, 47, 53, 62, 83, 84, 90, 100, 132, 133, 139, 149, 160, 161, 167, 177, 187], "summary": {"covered_lines": 24, "num_statements": 24, "percent_covered": 100.0, "percent_covered_display": "100", "missing_lines": 0, "excluded_lines": 0}, "missing_lines": [], "excluded_lines": []}}, "classes": {"GoalViewsTestCase": {"executed_lines": [12, 16, 17, 19, 23, 24, 27, 32, 39], "summary": {"covered_lines": 7, "num_statements": 7, "percent_covered": 100.0, "percent_covered_display": "100", "missing_lines": 0, "excluded_lines": 2}, "missing_lines": [], "excluded_lines": [16, 23]}, "GoalListViewTest": {"executed_lines": [49, 50, 51, 55, 57, 58, 59, 64, 66, 67, 69], "summary": {"covered_lines": 9, "num_statements": 16, "percent_covered": 56.25, "percent_covered_display": "56", "missing_lines": 7, "excluded_lines": 2}, "missing_lines": [60, 70, 72, 75, 76, 79, 80], "excluded_lines": [55, 64]}, "GoalCreateViewTest": {"executed_lines": [86, 87, 88, 92, 94, 95, 97, 102, 104, 107, 112, 116, 126], "summary": {"covered_lines": 11, "num_statements": 18, "percent_covered": 61.111111111111114, "percent_covered_display": "61", "missing_lines": 7, "excluded_lines": 2}, "missing_lines": [98, 118, 121, 122, 123, 127, 129], "excluded_lines": [92, 102]}, "GoalUpdateViewTest": {"executed_lines": [135, 136, 137, 141, 143, 144, 146, 151, 153, 156, 157], "summary": {"covered_lines": 9, "num_statements": 10, "percent_covered": 90.0, "percent_covered_display": "90", "missing_lines": 1, "excluded_lines": 2}, "missing_lines": [147], "excluded_lines": [141, 151]}, "GoalDeleteViewTest": {"executed_lines": [163, 164, 165, 169, 171, 172, 174, 179, 181, 184, 185, 189, 191, 192, 194, 197], "summary": {"covered_lines": 13, "num_statements": 17, "percent_covered": 76.47058823529412, "percent_covered_display": "76", "missing_lines": 4, "excluded_lines": 3}, "missing_lines": [175, 198, 201, 202], "excluded_lines": [169, 179, 189]}, "": {"executed_lines": [1, 2, 3, 4, 6, 9, 10, 46, 47, 53, 62, 83, 84, 90, 100, 132, 133, 139, 149, 160, 161, 167, 177, 187], "summary": {"covered_lines": 24, "num_statements": 24, "percent_covered": 100.0, "percent_covered_display": "100", "missing_lines": 0, "excluded_lines": 0}, "missing_lines": [], "excluded_lines": []}}}, "goal\\urls.py": {"executed_lines": [1, 3, 4, 18, 21], "summary": {"covered_lines": 5, "num_statements": 5, "percent_covered": 100.0, "percent_covered_display": "100", "missing_lines": 0, "excluded_lines": 0}, "missing_lines": [], "excluded_lines": [], "functions": {"": {"executed_lines": [1, 3, 4, 18, 21], "summary": {"covered_lines": 5, "num_statements": 5, "percent_covered": 100.0, "percent_covered_display": "100", "missing_lines": 0, "excluded_lines": 0}, "missing_lines": [], "excluded_lines": []}}, "classes": {"": {"executed_lines": [1, 3, 4, 18, 21], "summary": {"covered_lines": 5, "num_statements": 5, "percent_covered": 100.0, "percent_covered_display": "100", "missing_lines": 0, "excluded_lines": 0}, "missing_lines": [], "excluded_lines": []}}}, "goal\\validators.py": {"executed_lines": [1, 3, 6, 7, 11, 12, 13, 15, 24, 25, 27, 28, 30], "summary": {"covered_lines": 11, "num_statements": 19, "percent_covered": 57.89473684210526, "percent_covered_display": "58", "missing_lines": 8, "excluded_lines": 0}, "missing_lines": [16, 17, 19, 20, 31, 33, 35, 36], "excluded_lines": [], "functions": {"CheckGoalValidator.__init__": {"executed_lines": [12, 13], "summary": {"covered_lines": 2, "num_statements": 2, "percent_covered": 100.0, "percent_covered_display": "100", "missing_lines": 0, "excluded_lines": 0}, "missing_lines": [], "excluded_lines": []}, "CheckGoalValidator.__call__": {"executed_lines": [], "summary": {"covered_lines": 0, "num_statements": 4, "percent_covered": 0.0, "percent_covered_display": "0", "missing_lines": 4, "excluded_lines": 0}, "missing_lines": [16, 17, 19, 20], "excluded_lines": []}, "DateDeadlineGoalValidator.__init__": {"executed_lines": [28], "summary": {"covered_lines": 1, "num_statements": 1, "percent_covered": 100.0, "percent_covered_display": "100", "missing_lines": 0, "excluded_lines": 0}, "missing_lines": [], "excluded_lines": []}, "DateDeadlineGoalValidator.__call__": {"executed_lines": [], "summary": {"covered_lines": 0, "num_statements": 4, "percent_covered": 0.0, "percent_covered_display": "0", "missing_lines": 4, "excluded_lines": 0}, "missing_lines": [31, 33, 35, 36], "excluded_lines": []}, "": {"executed_lines": [1, 3, 6, 7, 11, 15, 24, 25, 27, 30], "summary": {"covered_lines": 8, "num_statements": 8, "percent_covered": 100.0, "percent_covered_display": "100", "missing_lines": 0, "excluded_lines": 0}, "missing_lines": [], "excluded_lines": []}}, "classes": {"CheckGoalValidator": {"executed_lines": [12, 13], "summary": {"covered_lines": 2, "num_statements": 6, "percent_covered": 33.333333333333336, "percent_covered_display": "33", "missing_lines": 4, "excluded_lines": 0}, "missing_lines": [16, 17, 19, 20], "excluded_lines": []}, "DateDeadlineGoalValidator": {"executed_lines": [28], "summary": {"covered_lines": 1, "num_statements": 5, "percent_covered": 20.0, "percent_covered_display": "20", "missing_lines": 4, "excluded_lines": 0}, "missing_lines": [31, 33, 35, 36], "excluded_lines": []}, "": {"executed_lines": [1, 3, 6, 7, 11, 15, 24, 25, 27, 30], "summary": {"covered_lines": 8, "num_statements": 8, "percent_covered": 100.0, "percent_covered_display": "100", "missing_lines": 0, "excluded_lines": 0}, "missing_lines": [], "excluded_lines": []}}}, "goal\\views.py": {"executed_lines": [1, 2, 3, 4, 5, 13, 14, 15, 22, 23, 25, 26, 27, 28, 31, 32, 33, 34, 35, 37, 45, 46, 47, 48, 49, 51, 61, 62, 63, 64, 65, 67, 71, 72, 73, 74, 76, 80, 81, 82, 83, 85, 90, 96, 97, 98, 99, 101, 105, 111, 112, 114, 128, 129, 130, 131, 133, 142, 148, 154, 155, 160, 161, 162, 164, 168, 175, 179, 185, 186, 192, 193, 195, 205, 211, 212, 216, 217, 219], "summary": {"covered_lines": 76, "num_statements": 115, "percent_covered": 66.08695652173913, "percent_covered_display": "66", "missing_lines": 39, "excluded_lines": 0}, "missing_lines": [38, 39, 40, 41, 42, 52, 53, 54, 55, 58, 68, 77, 86, 102, 115, 116, 117, 120, 121, 124, 125, 134, 138, 139, 166, 170, 171, 172, 173, 176, 196, 198, 199, 202, 220, 221, 222, 224, 225], "excluded_lines": [], "functions": {"GoalListView.get_queryset": {"executed_lines": [], "summary": {"covered_lines": 0, "num_statements": 5, "percent_covered": 0.0, "percent_covered_display": "0", "missing_lines": 5, "excluded_lines": 0}, "missing_lines": [38, 39, 40, 41, 42], "excluded_lines": []}, "GoalCreateView.form_valid": {"executed_lines": [], "summary": {"covered_lines": 0, "num_statements": 5, "percent_covered": 0.0, "percent_covered_display": "0", "missing_lines": 5, "excluded_lines": 0}, "missing_lines": [52, 53, 54, 55, 58], "excluded_lines": []}, "GoalUpdateView.get_queryset": {"executed_lines": [], "summary": {"covered_lines": 0, "num_statements": 1, "percent_covered": 0.0, "percent_covered_display": "0", "missing_lines": 1, "excluded_lines": 0}, "missing_lines": [68], "excluded_lines": []}, "GoalDetailView.get_queryset": {"executed_lines": [], "summary": {"covered_lines": 0, "num_statements": 1, "percent_covered": 0.0, "percent_covered_display": "0", "missing_lines": 1, "excluded_lines": 0}, "missing_lines": [77], "excluded_lines": []}, "GoalDeleteView.get_queryset": {"executed_lines": [], "summary": {"covered_lines": 0, "num_statements": 1, "percent_covered": 0.0, "percent_covered_display": "0", "missing_lines": 1, "excluded_lines": 0}, "missing_lines": [86], "excluded_lines": []}, "GoalListAPIView.get_queryset": {"executed_lines": [], "summary": {"covered_lines": 0, "num_statements": 1, "percent_covered": 0.0, "percent_covered_display": "0", "missing_lines": 1, "excluded_lines": 0}, "missing_lines": [102], "excluded_lines": []}, "PublicGoalTemplateView.get_context_data": {"executed_lines": [], "summary": {"covered_lines": 0, "num_statements": 7, "percent_covered": 0.0, "percent_covered_display": "0", "missing_lines": 7, "excluded_lines": 0}, "missing_lines": [115, 116, 117, 120, 121, 124, 125], "excluded_lines": []}, "GoalCreateAPIView.get": {"executed_lines": [], "summary": {"covered_lines": 0, "num_statements": 3, "percent_covered": 0.0, "percent_covered_display": "0", "missing_lines": 3, "excluded_lines": 0}, "missing_lines": [134, 138, 139], "excluded_lines": []}, "GoalUpdateAPIView.get_queryset": {"executed_lines": [], "summary": {"covered_lines": 0, "num_statements": 1, "percent_covered": 0.0, "percent_covered_display": "0", "missing_lines": 1, "excluded_lines": 0}, "missing_lines": [166], "excluded_lines": []}, "GoalUpdateAPIView.dispatch": {"executed_lines": [], "summary": {"covered_lines": 0, "num_statements": 4, "percent_covered": 0.0, "percent_covered_display": "0", "missing_lines": 4, "excluded_lines": 0}, "missing_lines": [170, 171, 172, 173], "excluded_lines": []}, "GoalUpdateAPIView.get_success_url": {"executed_lines": [], "summary": {"covered_lines": 0, "num_statements": 1, "percent_covered": 0.0, "percent_covered_display": "0", "missing_lines": 1, "excluded_lines": 0}, "missing_lines": [176], "excluded_lines": []}, "GoalRetrieveAPIView.get_object": {"executed_lines": [], "summary": {"covered_lines": 0, "num_statements": 4, "percent_covered": 0.0, "percent_covered_display": "0", "missing_lines": 4, "excluded_lines": 0}, "missing_lines": [196, 198, 199, 202], "excluded_lines": []}, "GoalDestroyAPIView.destroy": {"executed_lines": [], "summary": {"covered_lines": 0, "num_statements": 5, "percent_covered": 0.0, "percent_covered_display": "0", "missing_lines": 5, "excluded_lines": 0}, "missing_lines": [220, 221, 222, 224, 225], "excluded_lines": []}, "": {"executed_lines": [1, 2, 3, 4, 5, 13, 14, 15, 22, 23, 25, 26, 27, 28, 31, 32, 33, 34, 35, 37, 45, 46, 47, 48, 49, 51, 61, 62, 63, 64, 65, 67, 71, 72, 73, 74, 76, 80, 81, 82, 83, 85, 90, 96, 97, 98, 99, 101, 105, 111, 112, 114, 128, 129, 130, 131, 133, 142, 148, 154, 155, 160, 161, 162, 164, 168, 175, 179, 185, 186, 192, 193, 195, 205, 211, 212, 216, 217, 219], "summary": {"covered_lines": 76, "num_statements": 76, "percent_covered": 100.0, "percent_covered_display": "100", "missing_lines": 0, "excluded_lines": 0}, "missing_lines": [], "excluded_lines": []}}, "classes": {"GoalListView": {"executed_lines": [], "summary": {"covered_lines": 0, "num_statements": 5, "percent_covered": 0.0, "percent_covered_display": "0", "missing_lines": 5, "excluded_lines": 0}, "missing_lines": [38, 39, 40, 41, 42], "excluded_lines": []}, "GoalCreateView": {"executed_lines": [], "summary": {"covered_lines": 0, "num_statements": 5, "percent_covered": 0.0, "percent_covered_display": "0", "missing_lines": 5, "excluded_lines": 0}, "missing_lines": [52, 53, 54, 55, 58], "excluded_lines": []}, "GoalUpdateView": {"executed_lines": [], "summary": {"covered_lines": 0, "num_statements": 1, "percent_covered": 0.0, "percent_covered_display": "0", "missing_lines": 1, "excluded_lines": 0}, "missing_lines": [68], "excluded_lines": []}, "GoalDetailView": {"executed_lines": [], "summary": {"covered_lines": 0, "num_statements": 1, "percent_covered": 0.0, "percent_covered_display": "0", "missing_lines": 1, "excluded_lines": 0}, "missing_lines": [77], "excluded_lines": []}, "GoalDeleteView": {"executed_lines": [], "summary": {"covered_lines": 0, "num_statements": 1, "percent_covered": 0.0, "percent_covered_display": "0", "missing_lines": 1, "excluded_lines": 0}, "missing_lines": [86], "excluded_lines": []}, "GoalListAPIView": {"executed_lines": [], "summary": {"covered_lines": 0, "num_statements": 1, "percent_covered": 0.0, "percent_covered_display": "0", "missing_lines": 1, "excluded_lines": 0}, "missing_lines": [102], "excluded_lines": []}, "PublicGoalTemplateView": {"executed_lines": [], "summary": {"covered_lines": 0, "num_statements": 7, "percent_covered": 0.0, "percent_covered_display": "0", "missing_lines": 7, "excluded_lines": 0}, "missing_lines": [115, 116, 117, 120, 121, 124, 125], "excluded_lines": []}, "GoalCreateAPIView": {"executed_lines": [], "summary": {"covered_lines": 0, "num_statements": 3, "percent_covered": 0.0, "percent_covered_display": "0", "missing_lines": 3, "excluded_lines": 0}, "missing_lines": [134, 138, 139], "excluded_lines": []}, "GoalUpdateAPIView": {"executed_lines": [], "summary": {"covered_lines": 0, "num_statements": 6, "percent_covered": 0.0, "percent_covered_display": "0", "missing_lines": 6, "excluded_lines": 0}, "missing_lines": [166, 170, 171, 172, 173, 176], "excluded_lines": []}, "GoalRetrieveAPIView": {"executed_lines": [], "summary": {"covered_lines": 0, "num_statements": 4, "percent_covered": 0.0, "percent_covered_display": "0", "missing_lines": 4, "excluded_lines": 0}, "missing_lines": [196, 198, 199, 202], "excluded_lines": []}, "GoalDestroyAPIView": {"executed_lines": [], "summary": {"covered_lines": 0, "num_statements": 5, "percent_covered": 0.0, "percent_covered_display": "0", "missing_lines": 5, "excluded_lines": 0}, "missing_lines": [220, 221, 222, 224, 225], "excluded_lines": []}, "": {"executed_lines": [1, 2, 3, 4, 5, 13, 14, 15, 22, 23, 25, 26, 27, 28, 31, 32, 33, 34, 35, 37, 45, 46, 47, 48, 49, 51, 61, 62, 63, 64, 65, 67, 71, 72, 73, 74, 76, 80, 81, 82, 83, 85, 90, 96, 97, 98, 99, 101, 105, 111, 112, 114, 128, 129, 130, 131, 133, 142, 148, 154, 155, 160, 161, 162, 164, 168, 175, 179, 185, 186, 192, 193, 195, 205, 211, 212, 216, 217, 219], "summary": {"covered_lines": 76, "num_statements": 76, "percent_covered": 100.0, "percent_covered_display": "100", "missing_lines": 0, "excluded_lines": 0}, "missing_lines": [], "excluded_lines": []}}}, "habits\\__init__.py": {"executed_lines": [0], "summary": {"covered_lines": 0, "num_statements": 0, "percent_covered": 100.0, "percent_covered_display": "100", "missing_lines": 0, "excluded_lines": 0}, "missing_lines": [], "excluded_lines": [], "functions": {"": {"executed_lines": [], "summary": {"covered_lines": 0, "num_statements": 0, "percent_covered": 100.0, "percent_covered_display": "100", "missing_lines": 0, "excluded_lines": 0}, "missing_lines": [], "excluded_lines": []}}, "classes": {"": {"executed_lines": [], "summary": {"covered_lines": 0, "num_statements": 0, "percent_covered": 100.0, "percent_covered_display": "100", "missing_lines": 0, "excluded_lines": 0}, "missing_lines": [], "excluded_lines": []}}}, "habits\\forms.py": {"executed_lines": [1, 3, 6, 7, 8, 9, 20, 42], "summary": {"covered_lines": 8, "num_statements": 16, "percent_covered": 50.0, "percent_covered_display": "50", "missing_lines": 8, "excluded_lines": 0}, "missing_lines": [43, 44, 45, 46, 47, 48, 50, 51], "excluded_lines": [], "functions": {"HabitForm.__init__": {"executed_lines": [], "summary": {"covered_lines": 0, "num_statements": 8, "percent_covered": 0.0, "percent_covered_display": "0", "missing_lines": 8, "excluded_lines": 0}, "missing_lines": [43, 44, 45, 46, 47, 48, 50, 51], "excluded_lines": []}, "": {"executed_lines": [1, 3, 6, 7, 8, 9, 20, 42], "summary": {"covered_lines": 8, "num_statements": 8, "percent_covered": 100.0, "percent_covered_display": "100", "missing_lines": 0, "excluded_lines": 0}, "missing_lines": [], "excluded_lines": []}}, "classes": {"HabitForm": {"executed_lines": [], "summary": {"covered_lines": 0, "num_statements": 8, "percent_covered": 0.0, "percent_covered_display": "0", "missing_lines": 8, "excluded_lines": 0}, "missing_lines": [43, 44, 45, 46, 47, 48, 50, 51], "excluded_lines": []}, "HabitForm.Meta": {"executed_lines": [], "summary": {"covered_lines": 0, "num_statements": 0, "percent_covered": 100.0, "percent_covered_display": "100", "missing_lines": 0, "excluded_lines": 0}, "missing_lines": [], "excluded_lines": []}, "": {"executed_lines": [1, 3, 6, 7, 8, 9, 20, 42], "summary": {"covered_lines": 8, "num_statements": 8, "percent_covered": 100.0, "percent_covered_display": "100", "missing_lines": 0, "excluded_lines": 0}, "missing_lines": [], "excluded_lines": []}}}, "habits\\models.py": {"executed_lines": [1, 2, 4, 7, 9, 12, 17, 24, 31, 36, 40, 45, 46, 52, 61, 66, 73, 79, 85, 89, 92, 94, 97, 98, 99], "summary": {"covered_lines": 24, "num_statements": 24, "percent_covered": 100.0, "percent_covered_display": "100", "missing_lines": 0, "excluded_lines": 2}, "missing_lines": [], "excluded_lines": [94, 95], "functions": {"Habit.__str__": {"executed_lines": [], "summary": {"covered_lines": 0, "num_statements": 0, "percent_covered": 100.0, "percent_covered_display": "100", "missing_lines": 0, "excluded_lines": 1}, "missing_lines": [], "excluded_lines": [95]}, "": {"executed_lines": [1, 2, 4, 7, 9, 12, 17, 24, 31, 36, 40, 45, 46, 52, 61, 66, 73, 79, 85, 89, 92, 94, 97, 98, 99], "summary": {"covered_lines": 24, "num_statements": 24, "percent_covered": 100.0, "percent_covered_display": "100", "missing_lines": 0, "excluded_lines": 1}, "missing_lines": [], "excluded_lines": [94]}}, "classes": {"Habit": {"executed_lines": [], "summary": {"covered_lines": 0, "num_statements": 0, "percent_covered": 100.0, "percent_covered_display": "100", "missing_lines": 0, "excluded_lines": 1}, "missing_lines": [], "excluded_lines": [95]}, "Habit.Meta": {"executed_lines": [], "summary": {"covered_lines": 0, "num_statements": 0, "percent_covered": 100.0, "percent_covered_display": "100", "missing_lines": 0, "excluded_lines": 0}, "missing_lines": [], "excluded_lines": []}, "": {"executed_lines": [1, 2, 4, 7, 9, 12, 17, 24, 31, 36, 40, 45, 46, 52, 61, 66, 73, 79, 85, 89, 92, 94, 97, 98, 99], "summary": {"covered_lines": 24, "num_statements": 24, "percent_covered": 100.0, "percent_covered_display": "100", "missing_lines": 0, "excluded_lines": 1}, "missing_lines": [], "excluded_lines": [94]}}}, "habits\\paginators.py": {"executed_lines": [1, 4, 5, 6, 7], "summary": {"covered_lines": 5, "num_statements": 5, "percent_covered": 100.0, "percent_covered_display": "100", "missing_lines": 0, "excluded_lines": 0}, "missing_lines": [], "excluded_lines": [], "functions": {"": {"executed_lines": [1, 4, 5, 6, 7], "summary": {"covered_lines": 5, "num_statements": 5, "percent_covered": 100.0, "percent_covered_display": "100", "missing_lines": 0, "excluded_lines": 0}, "missing_lines": [], "excluded_lines": []}}, "classes": {"CustomPaginator": {"executed_lines": [], "summary": {"covered_lines": 0, "num_statements": 0, "percent_covered": 100.0, "percent_covered_display": "100", "missing_lines": 0, "excluded_lines": 0}, "missing_lines": [], "excluded_lines": []}, "": {"executed_lines": [1, 4, 5, 6, 7], "summary": {"covered_lines": 5, "num_statements": 5, "percent_covered": 100.0, "percent_covered_display": "100", "missing_lines": 0, "excluded_lines": 0}, "missing_lines": [], "excluded_lines": []}}}, "habits\\serializers.py": {"executed_lines": [1, 3, 4, 12, 13, 14, 15, 16, 26, 29, 30, 31, 32], "summary": {"covered_lines": 13, "num_statements": 13, "percent_covered": 100.0, "percent_covered_display": "100", "missing_lines": 0, "excluded_lines": 0}, "missing_lines": [], "excluded_lines": [], "functions": {"": {"executed_lines": [1, 3, 4, 12, 13, 14, 15, 16, 26, 29, 30, 31, 32], "summary": {"covered_lines": 13, "num_statements": 13, "percent_covered": 100.0, "percent_covered_display": "100", "missing_lines": 0, "excluded_lines": 0}, "missing_lines": [], "excluded_lines": []}}, "classes": {"HabitSerializer": {"executed_lines": [], "summary": {"covered_lines": 0, "num_statements": 0, "percent_covered": 100.0, "percent_covered_display": "100", "missing_lines": 0, "excluded_lines": 0}, "missing_lines": [], "excluded_lines": []}, "HabitSerializer.Meta": {"executed_lines": [], "summary": {"covered_lines": 0, "num_statements": 0, "percent_covered": 100.0, "percent_covered_display": "100", "missing_lines": 0, "excluded_lines": 0}, "missing_lines": [], "excluded_lines": []}, "PublicListHabitSerializer": {"executed_lines": [], "summary": {"covered_lines": 0, "num_statements": 0, "percent_covered": 100.0, "percent_covered_display": "100", "missing_lines": 0, "excluded_lines": 0}, "missing_lines": [], "excluded_lines": []}, "PublicListHabitSerializer.Meta": {"executed_lines": [], "summary": {"covered_lines": 0, "num_statements": 0, "percent_covered": 100.0, "percent_covered_display": "100", "missing_lines": 0, "excluded_lines": 0}, "missing_lines": [], "excluded_lines": []}, "": {"executed_lines": [1, 3, 4, 12, 13, 14, 15, 16, 26, 29, 30, 31, 32], "summary": {"covered_lines": 13, "num_statements": 13, "percent_covered": 100.0, "percent_covered_display": "100", "missing_lines": 0, "excluded_lines": 0}, "missing_lines": [], "excluded_lines": []}}}, "habits\\services.py": {"executed_lines": [], "summary": {"covered_lines": 0, "num_statements": 36, "percent_covered": 0.0, "percent_covered_display": "0", "missing_lines": 36, "excluded_lines": 0}, "missing_lines": [1, 2, 4, 5, 7, 10, 12, 13, 14, 15, 16, 17, 18, 19, 20, 21, 22, 23, 24, 25, 28, 30, 32, 33, 36, 42, 52, 53, 54, 55, 56, 59, 61, 62, 69, 70], "excluded_lines": [], "functions": {"send_telegram_message": {"executed_lines": [], "summary": {"covered_lines": 0, "num_statements": 14, "percent_covered": 0.0, "percent_covered_display": "0", "missing_lines": 14, "excluded_lines": 0}, "missing_lines": [12, 13, 14, 15, 16, 17, 18, 19, 20, 21, 22, 23, 24, 25], "excluded_lines": []}, "set_schedule_for_habit": {"executed_lines": [], "summary": {"covered_lines": 0, "num_statements": 10, "percent_covered": 0.0, "percent_covered_display": "0", "missing_lines": 10, "excluded_lines": 0}, "missing_lines": [30, 32, 33, 36, 42, 52, 53, 54, 55, 56], "excluded_lines": []}, "send_immediate_reminder": {"executed_lines": [], "summary": {"covered_lines": 0, "num_statements": 4, "percent_covered": 0.0, "percent_covered_display": "0", "missing_lines": 4, "excluded_lines": 0}, "missing_lines": [61, 62, 69, 70], "excluded_lines": []}, "": {"executed_lines": [], "summary": {"covered_lines": 0, "num_statements": 8, "percent_covered": 0.0, "percent_covered_display": "0", "missing_lines": 8, "excluded_lines": 0}, "missing_lines": [1, 2, 4, 5, 7, 10, 28, 59], "excluded_lines": []}}, "classes": {"": {"executed_lines": [], "summary": {"covered_lines": 0, "num_statements": 36, "percent_covered": 0.0, "percent_covered_display": "0", "missing_lines": 36, "excluded_lines": 0}, "missing_lines": [1, 2, 4, 5, 7, 10, 12, 13, 14, 15, 16, 17, 18, 19, 20, 21, 22, 23, 24, 25, 28, 30, 32, 33, 36, 42, 52, 53, 54, 55, 56, 59, 61, 62, 69, 70], "excluded_lines": []}}}, "habits\\tasks.py": {"executed_lines": [], "summary": {"covered_lines": 0, "num_statements": 73, "percent_covered": 0.0, "percent_covered_display": "0", "missing_lines": 73, "excluded_lines": 0}, "missing_lines": [1, 2, 3, 4, 5, 6, 9, 11, 12, 14, 15, 17, 19, 20, 21, 22, 23, 25, 26, 27, 28, 29, 32, 33, 35, 36, 37, 39, 46, 47, 49, 51, 52, 53, 54, 56, 57, 66, 67, 68, 69, 71, 72, 74, 76, 77, 79, 80, 81, 84, 85, 87, 88, 89, 90, 91, 93, 94, 95, 96, 97, 100, 101, 103, 106, 107, 109, 110, 114, 117, 118, 120, 121], "excluded_lines": [], "functions": {"send_telegram_message": {"executed_lines": [], "summary": {"covered_lines": 0, "num_statements": 15, "percent_covered": 0.0, "percent_covered_display": "0", "missing_lines": 15, "excluded_lines": 0}, "missing_lines": [11, 12, 14, 15, 17, 19, 20, 21, 22, 23, 25, 26, 27, 28, 29], "excluded_lines": []}, "send_reminder_with_bot": {"executed_lines": [], "summary": {"covered_lines": 0, "num_statements": 25, "percent_covered": 0.0, "percent_covered_display": "0", "missing_lines": 25, "excluded_lines": 0}, "missing_lines": [35, 36, 37, 39, 46, 47, 49, 51, 52, 53, 54, 56, 57, 66, 67, 68, 69, 71, 72, 74, 76, 77, 79, 80, 81], "excluded_lines": []}, "send_test_message": {"executed_lines": [], "summary": {"covered_lines": 0, "num_statements": 10, "percent_covered": 0.0, "percent_covered_display": "0", "missing_lines": 10, "excluded_lines": 0}, "missing_lines": [87, 88, 89, 90, 91, 93, 94, 95, 96, 97], "excluded_lines": []}, "check_habits_for_notification": {"executed_lines": [], "summary": {"covered_lines": 0, "num_statements": 1, "percent_covered": 0.0, "percent_covered_display": "0", "missing_lines": 1, "excluded_lines": 0}, "missing_lines": [103], "excluded_lines": []}, "reset_notification_status": {"executed_lines": [], "summary": {"covered_lines": 0, "num_statements": 3, "percent_covered": 0.0, "percent_covered_display": "0", "missing_lines": 3, "excluded_lines": 0}, "missing_lines": [109, 110, 114], "excluded_lines": []}, "test_celery_worker": {"executed_lines": [], "summary": {"covered_lines": 0, "num_statements": 2, "percent_covered": 0.0, "percent_covered_display": "0", "missing_lines": 2, "excluded_lines": 0}, "missing_lines": [120, 121], "excluded_lines": []}, "": {"executed_lines": [], "summary": {"covered_lines": 0, "num_statements": 17, "percent_covered": 0.0, "percent_covered_display": "0", "missing_lines": 17, "excluded_lines": 0}, "missing_lines": [1, 2, 3, 4, 5, 6, 9, 32, 33, 84, 85, 100, 101, 106, 107, 117, 118], "excluded_lines": []}}, "classes": {"": {"executed_lines": [], "summary": {"covered_lines": 0, "num_statements": 73, "percent_covered": 0.0, "percent_covered_display": "0", "missing_lines": 73, "excluded_lines": 0}, "missing_lines": [1, 2, 3, 4, 5, 6, 9, 11, 12, 14, 15, 17, 19, 20, 21, 22, 23, 25, 26, 27, 28, 29, 32, 33, 35, 36, 37, 39, 46, 47, 49, 51, 52, 53, 54, 56, 57, 66, 67, 68, 69, 71, 72, 74, 76, 77, 79, 80, 81, 84, 85, 87, 88, 89, 90, 91, 93, 94, 95, 96, 97, 100, 101, 103, 106, 107, 109, 110, 114, 117, 118, 120, 121], "excluded_lines": []}}}, "habits\\tests.py": {"executed_lines": [1, 2, 3, 4, 5, 6, 8, 11, 12, 13, 14, 18, 23, 34, 45, 47, 48, 51, 53, 54, 55, 58, 60, 63, 73, 76, 91, 92, 93, 94, 98, 103, 114, 125, 127, 128, 131, 133, 134, 135, 138, 140, 141, 143, 150, 151, 152, 153, 157, 162, 173, 184, 186, 187, 190, 192, 193, 194, 198, 200, 201, 202, 204, 206, 217, 218, 219, 223, 224, 225, 226, 230, 235, 246, 257, 259, 260, 263, 265, 266, 267, 270, 272, 273, 274, 277, 278, 279, 280, 284, 289, 300, 311, 313, 314, 317, 319, 320, 321, 324, 326, 327, 328, 332, 334, 335, 336, 340, 341, 342, 343, 348, 359, 370, 372, 373], "summary": {"covered_lines": 105, "num_statements": 134, "percent_covered": 78.35820895522389, "percent_covered_display": "78", "missing_lines": 29, "excluded_lines": 11}, "missing_lines": [49, 56, 77, 80, 83, 84, 85, 86, 87, 129, 136, 144, 146, 147, 188, 195, 196, 220, 261, 268, 315, 322, 329, 330, 337, 374, 376, 377, 378], "excluded_lines": [14, 18, 94, 98, 153, 157, 226, 230, 280, 284, 343], "functions": {"HabitCreateViewTest.setUp": {"executed_lines": [13, 14, 18, 23, 34], "summary": {"covered_lines": 3, "num_statements": 3, "percent_covered": 100.0, "percent_covered_display": "100", "missing_lines": 0, "excluded_lines": 2}, "missing_lines": [], "excluded_lines": [14, 18]}, "HabitCreateViewTest.test_requires_login": {"executed_lines": [47, 48], "summary": {"covered_lines": 2, "num_statements": 3, "percent_covered": 66.66666666666667, "percent_covered_display": "67", "missing_lines": 1, "excluded_lines": 0}, "missing_lines": [49], "excluded_lines": []}, "HabitCreateViewTest.test_get_create_view": {"executed_lines": [53, 54, 55], "summary": {"covered_lines": 3, "num_statements": 4, "percent_covered": 75.0, "percent_covered_display": "75", "missing_lines": 1, "excluded_lines": 0}, "missing_lines": [56], "excluded_lines": []}, "HabitCreateViewTest.test_post_create_view_valid_data": {"executed_lines": [60, 63, 73, 76], "summary": {"covered_lines": 4, "num_statements": 11, "percent_covered": 36.36363636363637, "percent_covered_display": "36", "missing_lines": 7, "excluded_lines": 0}, "missing_lines": [77, 80, 83, 84, 85, 86, 87], "excluded_lines": []}, "HabitListViewTest.setUp": {"executed_lines": [93, 94, 98, 103, 114], "summary": {"covered_lines": 3, "num_statements": 3, "percent_covered": 100.0, "percent_covered_display": "100", "missing_lines": 0, "excluded_lines": 2}, "missing_lines": [], "excluded_lines": [94, 98]}, "HabitListViewTest.test_requires_login": {"executed_lines": [127, 128], "summary": {"covered_lines": 2, "num_statements": 3, "percent_covered": 66.66666666666667, "percent_covered_display": "67", "missing_lines": 1, "excluded_lines": 0}, "missing_lines": [129], "excluded_lines": []}, "HabitListViewTest.test_authenticated_access": {"executed_lines": [133, 134, 135], "summary": {"covered_lines": 3, "num_statements": 4, "percent_covered": 75.0, "percent_covered_display": "75", "missing_lines": 1, "excluded_lines": 0}, "missing_lines": [136], "excluded_lines": []}, "HabitListViewTest.test_context_contains_user_habits": {"executed_lines": [140, 141, 143], "summary": {"covered_lines": 3, "num_statements": 6, "percent_covered": 50.0, "percent_covered_display": "50", "missing_lines": 3, "excluded_lines": 0}, "missing_lines": [144, 146, 147], "excluded_lines": []}, "HabitDetailViewTest.setUp": {"executed_lines": [152, 153, 157, 162, 173], "summary": {"covered_lines": 3, "num_statements": 3, "percent_covered": 100.0, "percent_covered_display": "100", "missing_lines": 0, "excluded_lines": 2}, "missing_lines": [], "excluded_lines": [153, 157]}, "HabitDetailViewTest.test_requires_login": {"executed_lines": [186, 187], "summary": {"covered_lines": 2, "num_statements": 3, "percent_covered": 66.66666666666667, "percent_covered_display": "67", "missing_lines": 1, "excluded_lines": 0}, "missing_lines": [188], "excluded_lines": []}, "HabitDetailViewTest.test_view_own_habit": {"executed_lines": [192, 193, 194], "summary": {"covered_lines": 3, "num_statements": 5, "percent_covered": 60.0, "percent_covered_display": "60", "missing_lines": 2, "excluded_lines": 0}, "missing_lines": [195, 196], "excluded_lines": []}, "HabitDetailViewTest.test_cannot_view_private_other_user_habit": {"executed_lines": [200, 201, 202], "summary": {"covered_lines": 3, "num_statements": 3, "percent_covered": 100.0, "percent_covered_display": "100", "missing_lines": 0, "excluded_lines": 0}, "missing_lines": [], "excluded_lines": []}, "HabitDetailViewTest.test_view_public_other_user_habit": {"executed_lines": [206, 217, 218, 219], "summary": {"covered_lines": 4, "num_statements": 5, "percent_covered": 80.0, "percent_covered_display": "80", "missing_lines": 1, "excluded_lines": 0}, "missing_lines": [220], "excluded_lines": []}, "HabitUpdateViewTest.setUp": {"executed_lines": [225, 226, 230, 235, 246], "summary": {"covered_lines": 3, "num_statements": 3, "percent_covered": 100.0, "percent_covered_display": "100", "missing_lines": 0, "excluded_lines": 2}, "missing_lines": [], "excluded_lines": [226, 230]}, "HabitUpdateViewTest.test_requires_login": {"executed_lines": [259, 260], "summary": {"covered_lines": 2, "num_statements": 3, "percent_covered": 66.66666666666667, "percent_covered_display": "67", "missing_lines": 1, "excluded_lines": 0}, "missing_lines": [261], "excluded_lines": []}, "HabitUpdateViewTest.test_get_update_own_habit": {"executed_lines": [265, 266, 267], "summary": {"covered_lines": 3, "num_statements": 4, "percent_covered": 75.0, "percent_covered_display": "75", "missing_lines": 1, "excluded_lines": 0}, "missing_lines": [268], "excluded_lines": []}, "HabitUpdateViewTest.test_cannot_update_other_user_habit": {"executed_lines": [272, 273, 274], "summary": {"covered_lines": 3, "num_statements": 3, "percent_covered": 100.0, "percent_covered_display": "100", "missing_lines": 0, "excluded_lines": 0}, "missing_lines": [], "excluded_lines": []}, "HabitDeleteViewTest.setUp": {"executed_lines": [279, 280, 284, 289, 300], "summary": {"covered_lines": 3, "num_statements": 3, "percent_covered": 100.0, "percent_covered_display": "100", "missing_lines": 0, "excluded_lines": 2}, "missing_lines": [], "excluded_lines": [280, 284]}, "HabitDeleteViewTest.test_requires_login": {"executed_lines": [313, 314], "summary": {"covered_lines": 2, "num_statements": 3, "percent_covered": 66.66666666666667, "percent_covered_display": "67", "missing_lines": 1, "excluded_lines": 0}, "missing_lines": [315], "excluded_lines": []}, "HabitDeleteViewTest.test_get_delete_own_habit": {"executed_lines": [319, 320, 321], "summary": {"covered_lines": 3, "num_statements": 4, "percent_covered": 75.0, "percent_covered_display": "75", "missing_lines": 1, "excluded_lines": 0}, "missing_lines": [322], "excluded_lines": []}, "HabitDeleteViewTest.test_post_delete_own_habit": {"executed_lines": [326, 327, 328], "summary": {"covered_lines": 3, "num_statements": 5, "percent_covered": 60.0, "percent_covered_display": "60", "missing_lines": 2, "excluded_lines": 0}, "missing_lines": [329, 330], "excluded_lines": []}, "HabitDeleteViewTest.test_cannot_delete_other_user_habit": {"executed_lines": [334, 335, 336], "summary": {"covered_lines": 3, "num_statements": 4, "percent_covered": 75.0, "percent_covered_display": "75", "missing_lines": 1, "excluded_lines": 0}, "missing_lines": [337], "excluded_lines": []}, "PublicHabitsTemplateViewTest.setUp": {"executed_lines": [342, 343, 348, 359], "summary": {"covered_lines": 3, "num_statements": 3, "percent_covered": 100.0, "percent_covered_display": "100", "missing_lines": 0, "excluded_lines": 1}, "missing_lines": [], "excluded_lines": [343]}, "PublicHabitsTemplateViewTest.test_public_habits_context": {"executed_lines": [372, 373], "summary": {"covered_lines": 2, "num_statements": 6, "percent_covered": 33.333333333333336, "percent_covered_display": "33", "missing_lines": 4, "excluded_lines": 0}, "missing_lines": [374, 376, 377, 378], "excluded_lines": []}, "": {"executed_lines": [1, 2, 3, 4, 5, 6, 8, 11, 12, 45, 51, 58, 91, 92, 125, 131, 138, 150, 151, 184, 190, 198, 204, 223, 224, 257, 263, 270, 277, 278, 311, 317, 324, 332, 340, 341, 370], "summary": {"covered_lines": 37, "num_statements": 37, "percent_covered": 100.0, "percent_covered_display": "100", "missing_lines": 0, "excluded_lines": 0}, "missing_lines": [], "excluded_lines": []}}, "classes": {"HabitCreateViewTest": {"executed_lines": [13, 14, 18, 23, 34, 47, 48, 53, 54, 55, 60, 63, 73, 76], "summary": {"covered_lines": 12, "num_statements": 21, "percent_covered": 57.142857142857146, "percent_covered_display": "57", "missing_lines": 9, "excluded_lines": 2}, "missing_lines": [49, 56, 77, 80, 83, 84, 85, 86, 87], "excluded_lines": [14, 18]}, "HabitListViewTest": {"executed_lines": [93, 94, 98, 103, 114, 127, 128, 133, 134, 135, 140, 141, 143], "summary": {"covered_lines": 11, "num_statements": 16, "percent_covered": 68.75, "percent_covered_display": "69", "missing_lines": 5, "excluded_lines": 2}, "missing_lines": [129, 136, 144, 146, 147], "excluded_lines": [94, 98]}, "HabitDetailViewTest": {"executed_lines": [152, 153, 157, 162, 173, 186, 187, 192, 193, 194, 200, 201, 202, 206, 217, 218, 219], "summary": {"covered_lines": 15, "num_statements": 19, "percent_covered": 78.94736842105263, "percent_covered_display": "79", "missing_lines": 4, "excluded_lines": 2}, "missing_lines": [188, 195, 196, 220], "excluded_lines": [153, 157]}, "HabitUpdateViewTest": {"executed_lines": [225, 226, 230, 235, 246, 259, 260, 265, 266, 267, 272, 273, 274], "summary": {"covered_lines": 11, "num_statements": 13, "percent_covered": 84.61538461538461, "percent_covered_display": "85", "missing_lines": 2, "excluded_lines": 2}, "missing_lines": [261, 268], "excluded_lines": [226, 230]}, "HabitDeleteViewTest": {"executed_lines": [279, 280, 284, 289, 300, 313, 314, 319, 320, 321, 326, 327, 328, 334, 335, 336], "summary": {"covered_lines": 14, "num_statements": 19, "percent_covered": 73.6842105263158, "percent_covered_display": "74", "missing_lines": 5, "excluded_lines": 2}, "missing_lines": [315, 322, 329, 330, 337], "excluded_lines": [280, 284]}, "PublicHabitsTemplateViewTest": {"executed_lines": [342, 343, 348, 359, 372, 373], "summary": {"covered_lines": 5, "num_statements": 9, "percent_covered": 55.55555555555556, "percent_covered_display": "56", "missing_lines": 4, "excluded_lines": 1}, "missing_lines": [374, 376, 377, 378], "excluded_lines": [343]}, "": {"executed_lines": [1, 2, 3, 4, 5, 6, 8, 11, 12, 45, 51, 58, 91, 92, 125, 131, 138, 150, 151, 184, 190, 198, 204, 223, 224, 257, 263, 270, 277, 278, 311, 317, 324, 332, 340, 341, 370], "summary": {"covered_lines": 37, "num_statements": 37, "percent_covered": 100.0, "percent_covered_display": "100", "missing_lines": 0, "excluded_lines": 0}, "missing_lines": [], "excluded_lines": []}}}, "habits\\urls.py": {"executed_lines": [1, 3, 4, 19, 21], "summary": {"covered_lines": 5, "num_statements": 5, "percent_covered": 100.0, "percent_covered_display": "100", "missing_lines": 0, "excluded_lines": 0}, "missing_lines": [], "excluded_lines": [], "functions": {"": {"executed_lines": [1, 3, 4, 19, 21], "summary": {"covered_lines": 5, "num_statements": 5, "percent_covered": 100.0, "percent_covered_display": "100", "missing_lines": 0, "excluded_lines": 0}, "missing_lines": [], "excluded_lines": []}}, "classes": {"": {"executed_lines": [1, 3, 4, 19, 21], "summary": {"covered_lines": 5, "num_statements": 5, "percent_covered": 100.0, "percent_covered_display": "100", "missing_lines": 0, "excluded_lines": 0}, "missing_lines": [], "excluded_lines": []}}}, "habits\\validators.py": {"executed_lines": [1, 3, 6, 7, 13, 14, 15, 16, 18, 44, 45, 47, 48, 50, 61, 62, 64, 65, 67, 78, 79, 81, 82, 84], "summary": {"covered_lines": 20, "num_statements": 46, "percent_covered": 43.47826086956522, "percent_covered_display": "43", "missing_lines": 26, "excluded_lines": 0}, "missing_lines": [19, 20, 21, 23, 24, 28, 29, 32, 33, 34, 37, 38, 51, 53, 54, 56, 57, 68, 70, 72, 73, 85, 87, 88, 90, 91], "excluded_lines": [], "functions": {"CheckHabitValidator.__init__": {"executed_lines": [14, 15, 16], "summary": {"covered_lines": 3, "num_statements": 3, "percent_covered": 100.0, "percent_covered_display": "100", "missing_lines": 0, "excluded_lines": 0}, "missing_lines": [], "excluded_lines": []}, "CheckHabitValidator.__call__": {"executed_lines": [], "summary": {"covered_lines": 0, "num_statements": 12, "percent_covered": 0.0, "percent_covered_display": "0", "missing_lines": 12, "excluded_lines": 0}, "missing_lines": [19, 20, 21, 23, 24, 28, 29, 32, 33, 34, 37, 38], "excluded_lines": []}, "TimeToCompleteValidator.__init__": {"executed_lines": [48], "summary": {"covered_lines": 1, "num_statements": 1, "percent_covered": 100.0, "percent_covered_display": "100", "missing_lines": 0, "excluded_lines": 0}, "missing_lines": [], "excluded_lines": []}, "TimeToCompleteValidator.__call__": {"executed_lines": [], "summary": {"covered_lines": 0, "num_statements": 5, "percent_covered": 0.0, "percent_covered_display": "0", "missing_lines": 5, "excluded_lines": 0}, "missing_lines": [51, 53, 54, 56, 57], "excluded_lines": []}, "DateDeadlineValidator.__init__": {"executed_lines": [65], "summary": {"covered_lines": 1, "num_statements": 1, "percent_covered": 100.0, "percent_covered_display": "100", "missing_lines": 0, "excluded_lines": 0}, "missing_lines": [], "excluded_lines": []}, "DateDeadlineValidator.__call__": {"executed_lines": [], "summary": {"covered_lines": 0, "num_statements": 4, "percent_covered": 0.0, "percent_covered_display": "0", "missing_lines": 4, "excluded_lines": 0}, "missing_lines": [68, 70, 72, 73], "excluded_lines": []}, "PeriodicityValidator.__init__": {"executed_lines": [82], "summary": {"covered_lines": 1, "num_statements": 1, "percent_covered": 100.0, "percent_covered_display": "100", "missing_lines": 0, "excluded_lines": 0}, "missing_lines": [], "excluded_lines": []}, "PeriodicityValidator.__call__": {"executed_lines": [], "summary": {"covered_lines": 0, "num_statements": 5, "percent_covered": 0.0, "percent_covered_display": "0", "missing_lines": 5, "excluded_lines": 0}, "missing_lines": [85, 87, 88, 90, 91], "excluded_lines": []}, "": {"executed_lines": [1, 3, 6, 7, 13, 18, 44, 45, 47, 50, 61, 62, 64, 67, 78, 79, 81, 84], "summary": {"covered_lines": 14, "num_statements": 14, "percent_covered": 100.0, "percent_covered_display": "100", "missing_lines": 0, "excluded_lines": 0}, "missing_lines": [], "excluded_lines": []}}, "classes": {"CheckHabitValidator": {"executed_lines": [14, 15, 16], "summary": {"covered_lines": 3, "num_statements": 15, "percent_covered": 20.0, "percent_covered_display": "20", "missing_lines": 12, "excluded_lines": 0}, "missing_lines": [19, 20, 21, 23, 24, 28, 29, 32, 33, 34, 37, 38], "excluded_lines": []}, "TimeToCompleteValidator": {"executed_lines": [48], "summary": {"covered_lines": 1, "num_statements": 6, "percent_covered": 16.666666666666668, "percent_covered_display": "17", "missing_lines": 5, "excluded_lines": 0}, "missing_lines": [51, 53, 54, 56, 57], "excluded_lines": []}, "DateDeadlineValidator": {"executed_lines": [65], "summary": {"covered_lines": 1, "num_statements": 5, "percent_covered": 20.0, "percent_covered_display": "20", "missing_lines": 4, "excluded_lines": 0}, "missing_lines": [68, 70, 72, 73], "excluded_lines": []}, "PeriodicityValidator": {"executed_lines": [82], "summary": {"covered_lines": 1, "num_statements": 6, "percent_covered": 16.666666666666668, "percent_covered_display": "17", "missing_lines": 5, "excluded_lines": 0}, "missing_lines": [85, 87, 88, 90, 91], "excluded_lines": []}, "": {"executed_lines": [1, 3, 6, 7, 13, 18, 44, 45, 47, 50, 61, 62, 64, 67, 78, 79, 81, 84], "summary": {"covered_lines": 14, "num_statements": 14, "percent_covered": 100.0, "percent_covered_display": "100", "missing_lines": 0, "excluded_lines": 0}, "missing_lines": [], "excluded_lines": []}}}, "habits\\views.py": {"executed_lines": [1, 2, 3, 4, 5, 6, 14, 15, 16, 23, 24, 25, 26, 27, 29, 30, 31, 32, 36, 37, 38, 39, 40, 42, 46, 52, 53, 55, 63, 64, 65, 66, 67, 69, 84, 85, 86, 87, 99, 101, 105, 106, 107, 108, 110, 119, 120, 121, 122, 124, 128, 129, 135, 136, 137, 138, 140, 149, 150, 156, 157, 158, 159, 160, 162, 170, 176, 177, 178, 179, 182, 188, 194, 195, 196, 198, 207, 213, 214, 215, 217, 227, 233, 234, 235, 237], "summary": {"covered_lines": 86, "num_statements": 128, "percent_covered": 67.1875, "percent_covered_display": "67", "missing_lines": 42, "excluded_lines": 0}, "missing_lines": [43, 56, 57, 58, 59, 60, 70, 71, 75, 76, 80, 81, 102, 111, 112, 116, 125, 141, 142, 143, 144, 145, 146, 163, 164, 165, 166, 167, 199, 200, 202, 203, 204, 218, 220, 221, 224, 238, 239, 240, 242, 243], "excluded_lines": [], "functions": {"HabitListView.get_queryset": {"executed_lines": [], "summary": {"covered_lines": 0, "num_statements": 1, "percent_covered": 0.0, "percent_covered_display": "0", "missing_lines": 1, "excluded_lines": 0}, "missing_lines": [43], "excluded_lines": []}, "PublicHabitsTemplateView.get_context_data": {"executed_lines": [], "summary": {"covered_lines": 0, "num_statements": 5, "percent_covered": 0.0, "percent_covered_display": "0", "missing_lines": 5, "excluded_lines": 0}, "missing_lines": [56, 57, 58, 59, 60], "excluded_lines": []}, "HabitCreateView.form_valid": {"executed_lines": [], "summary": {"covered_lines": 0, "num_statements": 6, "percent_covered": 0.0, "percent_covered_display": "0", "missing_lines": 6, "excluded_lines": 0}, "missing_lines": [70, 71, 75, 76, 80, 81], "excluded_lines": []}, "HabitUpdateView.get_queryset": {"executed_lines": [], "summary": {"covered_lines": 0, "num_statements": 1, "percent_covered": 0.0, "percent_covered_display": "0", "missing_lines": 1, "excluded_lines": 0}, "missing_lines": [102], "excluded_lines": []}, "HabitDetailView.get_queryset": {"executed_lines": [], "summary": {"covered_lines": 0, "num_statements": 3, "percent_covered": 0.0, "percent_covered_display": "0", "missing_lines": 3, "excluded_lines": 0}, "missing_lines": [111, 112, 116], "excluded_lines": []}, "HabitDeleteView.get_queryset": {"executed_lines": [], "summary": {"covered_lines": 0, "num_statements": 1, "percent_covered": 0.0, "percent_covered_display": "0", "missing_lines": 1, "excluded_lines": 0}, "missing_lines": [125], "excluded_lines": []}, "HabitListAPIView.get_queryset": {"executed_lines": [], "summary": {"covered_lines": 0, "num_statements": 6, "percent_covered": 0.0, "percent_covered_display": "0", "missing_lines": 6, "excluded_lines": 0}, "missing_lines": [141, 142, 143, 144, 145, 146], "excluded_lines": []}, "PublicHabitListAPIView.get_queryset": {"executed_lines": [], "summary": {"covered_lines": 0, "num_statements": 5, "percent_covered": 0.0, "percent_covered_display": "0", "missing_lines": 5, "excluded_lines": 0}, "missing_lines": [163, 164, 165, 166, 167], "excluded_lines": []}, "HabitUpdateAPIView.perform_update": {"executed_lines": [], "summary": {"covered_lines": 0, "num_statements": 5, "percent_covered": 0.0, "percent_covered_display": "0", "missing_lines": 5, "excluded_lines": 0}, "missing_lines": [199, 200, 202, 203, 204], "excluded_lines": []}, "HabitRetrieveAPIView.get_object": {"executed_lines": [], "summary": {"covered_lines": 0, "num_statements": 4, "percent_covered": 0.0, "percent_covered_display": "0", "missing_lines": 4, "excluded_lines": 0}, "missing_lines": [218, 220, 221, 224], "excluded_lines": []}, "HabitDestroyAPIView.destroy": {"executed_lines": [], "summary": {"covered_lines": 0, "num_statements": 5, "percent_covered": 0.0, "percent_covered_display": "0", "missing_lines": 5, "excluded_lines": 0}, "missing_lines": [238, 239, 240, 242, 243], "excluded_lines": []}, "": {"executed_lines": [1, 2, 3, 4, 5, 6, 14, 15, 16, 23, 24, 25, 26, 27, 29, 30, 31, 32, 36, 37, 38, 39, 40, 42, 46, 52, 53, 55, 63, 64, 65, 66, 67, 69, 84, 85, 86, 87, 99, 101, 105, 106, 107, 108, 110, 119, 120, 121, 122, 124, 128, 129, 135, 136, 137, 138, 140, 149, 150, 156, 157, 158, 159, 160, 162, 170, 176, 177, 178, 179, 182, 188, 194, 195, 196, 198, 207, 213, 214, 215, 217, 227, 233, 234, 235, 237], "summary": {"covered_lines": 86, "num_statements": 86, "percent_covered": 100.0, "percent_covered_display": "100", "missing_lines": 0, "excluded_lines": 0}, "missing_lines": [], "excluded_lines": []}}, "classes": {"HabitListView": {"executed_lines": [], "summary": {"covered_lines": 0, "num_statements": 1, "percent_covered": 0.0, "percent_covered_display": "0", "missing_lines": 1, "excluded_lines": 0}, "missing_lines": [43], "excluded_lines": []}, "PublicHabitsTemplateView": {"executed_lines": [], "summary": {"covered_lines": 0, "num_statements": 5, "percent_covered": 0.0, "percent_covered_display": "0", "missing_lines": 5, "excluded_lines": 0}, "missing_lines": [56, 57, 58, 59, 60], "excluded_lines": []}, "HabitCreateView": {"executed_lines": [], "summary": {"covered_lines": 0, "num_statements": 6, "percent_covered": 0.0, "percent_covered_display": "0", "missing_lines": 6, "excluded_lines": 0}, "missing_lines": [70, 71, 75, 76, 80, 81], "excluded_lines": []}, "HabitUpdateView": {"executed_lines": [], "summary": {"covered_lines": 0, "num_statements": 1, "percent_covered": 0.0, "percent_covered_display": "0", "missing_lines": 1, "excluded_lines": 0}, "missing_lines": [102], "excluded_lines": []}, "HabitDetailView": {"executed_lines": [], "summary": {"covered_lines": 0, "num_statements": 3, "percent_covered": 0.0, "percent_covered_display": "0", "missing_lines": 3, "excluded_lines": 0}, "missing_lines": [111, 112, 116], "excluded_lines": []}, "HabitDeleteView": {"executed_lines": [], "summary": {"covered_lines": 0, "num_statements": 1, "percent_covered": 0.0, "percent_covered_display": "0", "missing_lines": 1, "excluded_lines": 0}, "missing_lines": [125], "excluded_lines": []}, "HabitListAPIView": {"executed_lines": [], "summary": {"covered_lines": 0, "num_statements": 6, "percent_covered": 0.0, "percent_covered_display": "0", "missing_lines": 6, "excluded_lines": 0}, "missing_lines": [141, 142, 143, 144, 145, 146], "excluded_lines": []}, "PublicHabitListAPIView": {"executed_lines": [], "summary": {"covered_lines": 0, "num_statements": 5, "percent_covered": 0.0, "percent_covered_display": "0", "missing_lines": 5, "excluded_lines": 0}, "missing_lines": [163, 164, 165, 166, 167], "excluded_lines": []}, "HabitCreateAPIView": {"executed_lines": [], "summary": {"covered_lines": 0, "num_statements": 0, "percent_covered": 100.0, "percent_covered_display": "100", "missing_lines": 0, "excluded_lines": 0}, "missing_lines": [], "excluded_lines": []}, "HabitUpdateAPIView": {"executed_lines": [], "summary": {"covered_lines": 0, "num_statements": 5, "percent_covered": 0.0, "percent_covered_display": "0", "missing_lines": 5, "excluded_lines": 0}, "missing_lines": [199, 200, 202, 203, 204], "excluded_lines": []}, "HabitRetrieveAPIView": {"executed_lines": [], "summary": {"covered_lines": 0, "num_statements": 4, "percent_covered": 0.0, "percent_covered_display": "0", "missing_lines": 4, "excluded_lines": 0}, "missing_lines": [218, 220, 221, 224], "excluded_lines": []}, "HabitDestroyAPIView": {"executed_lines": [], "summary": {"covered_lines": 0, "num_statements": 5, "percent_covered": 0.0, "percent_covered_display": "0", "missing_lines": 5, "excluded_lines": 0}, "missing_lines": [238, 239, 240, 242, 243], "excluded_lines": []}, "": {"executed_lines": [1, 2, 3, 4, 5, 6, 14, 15, 16, 23, 24, 25, 26, 27, 29, 30, 31, 32, 36, 37, 38, 39, 40, 42, 46, 52, 53, 55, 63, 64, 65, 66, 67, 69, 84, 85, 86, 87, 99, 101, 105, 106, 107, 108, 110, 119, 120, 121, 122, 124, 128, 129, 135, 136, 137, 138, 140, 149, 150, 156, 157, 158, 159, 160, 162, 170, 176, 177, 178, 179, 182, 188, 194, 195, 196, 198, 207, 213, 214, 215, 217, 227, 233, 234, 235, 237], "summary": {"covered_lines": 86, "num_statements": 86, "percent_covered": 100.0, "percent_covered_display": "100", "missing_lines": 0, "excluded_lines": 0}, "missing_lines": [], "excluded_lines": []}}}, "idea\\__init__.py": {"executed_lines": [0], "summary": {"covered_lines": 0, "num_statements": 0, "percent_covered": 100.0, "percent_covered_display": "100", "missing_lines": 0, "excluded_lines": 0}, "missing_lines": [], "excluded_lines": [], "functions": {"": {"executed_lines": [], "summary": {"covered_lines": 0, "num_statements": 0, "percent_covered": 100.0, "percent_covered_display": "100", "missing_lines": 0, "excluded_lines": 0}, "missing_lines": [], "excluded_lines": []}}, "classes": {"": {"executed_lines": [], "summary": {"covered_lines": 0, "num_statements": 0, "percent_covered": 100.0, "percent_covered_display": "100", "missing_lines": 0, "excluded_lines": 0}, "missing_lines": [], "excluded_lines": []}}}, "idea\\forms.py": {"executed_lines": [1, 3, 6, 7, 8, 9, 10, 27, 33, 37], "summary": {"covered_lines": 10, "num_statements": 18, "percent_covered": 55.55555555555556, "percent_covered_display": "56", "missing_lines": 8, "excluded_lines": 0}, "missing_lines": [38, 39, 40, 41, 42, 43, 45, 46], "excluded_lines": [], "functions": {"IdeaForm.__init__": {"executed_lines": [], "summary": {"covered_lines": 0, "num_statements": 8, "percent_covered": 0.0, "percent_covered_display": "0", "missing_lines": 8, "excluded_lines": 0}, "missing_lines": [38, 39, 40, 41, 42, 43, 45, 46], "excluded_lines": []}, "": {"executed_lines": [1, 3, 6, 7, 8, 9, 10, 27, 33, 37], "summary": {"covered_lines": 10, "num_statements": 10, "percent_covered": 100.0, "percent_covered_display": "100", "missing_lines": 0, "excluded_lines": 0}, "missing_lines": [], "excluded_lines": []}}, "classes": {"IdeaForm": {"executed_lines": [], "summary": {"covered_lines": 0, "num_statements": 8, "percent_covered": 0.0, "percent_covered_display": "0", "missing_lines": 8, "excluded_lines": 0}, "missing_lines": [38, 39, 40, 41, 42, 43, 45, 46], "excluded_lines": []}, "IdeaForm.Meta": {"executed_lines": [], "summary": {"covered_lines": 0, "num_statements": 0, "percent_covered": 100.0, "percent_covered_display": "100", "missing_lines": 0, "excluded_lines": 0}, "missing_lines": [], "excluded_lines": []}, "": {"executed_lines": [1, 3, 6, 7, 8, 9, 10, 27, 33, 37], "summary": {"covered_lines": 10, "num_statements": 10, "percent_covered": 100.0, "percent_covered_display": "100", "missing_lines": 0, "excluded_lines": 0}, "missing_lines": [], "excluded_lines": []}}}, "idea\\models.py": {"executed_lines": [1, 2, 5, 6, 7, 8, 15, 23, 24, 27, 33, 34, 36], "summary": {"covered_lines": 12, "num_statements": 12, "percent_covered": 100.0, "percent_covered_display": "100", "missing_lines": 0, "excluded_lines": 7}, "missing_lines": [], "excluded_lines": [36, 37, 38, 39, 40, 41, 42], "functions": {"Myidea.__str__": {"executed_lines": [], "summary": {"covered_lines": 0, "num_statements": 0, "percent_covered": 100.0, "percent_covered_display": "100", "missing_lines": 0, "excluded_lines": 6}, "missing_lines": [], "excluded_lines": [37, 38, 39, 40, 41, 42]}, "": {"executed_lines": [1, 2, 5, 6, 7, 8, 15, 23, 24, 27, 33, 34, 36], "summary": {"covered_lines": 12, "num_statements": 12, "percent_covered": 100.0, "percent_covered_display": "100", "missing_lines": 0, "excluded_lines": 1}, "missing_lines": [], "excluded_lines": [36]}}, "classes": {"Myidea": {"executed_lines": [], "summary": {"covered_lines": 0, "num_statements": 0, "percent_covered": 100.0, "percent_covered_display": "100", "missing_lines": 0, "excluded_lines": 6}, "missing_lines": [], "excluded_lines": [37, 38, 39, 40, 41, 42]}, "Myidea.Meta": {"executed_lines": [], "summary": {"covered_lines": 0, "num_statements": 0, "percent_covered": 100.0, "percent_covered_display": "100", "missing_lines": 0, "excluded_lines": 0}, "missing_lines": [], "excluded_lines": []}, "": {"executed_lines": [1, 2, 5, 6, 7, 8, 15, 23, 24, 27, 33, 34, 36], "summary": {"covered_lines": 12, "num_statements": 12, "percent_covered": 100.0, "percent_covered_display": "100", "missing_lines": 0, "excluded_lines": 1}, "missing_lines": [], "excluded_lines": [36]}}}, "idea\\paginators.py": {"executed_lines": [1, 4, 5, 6, 7], "summary": {"covered_lines": 5, "num_statements": 5, "percent_covered": 100.0, "percent_covered_display": "100", "missing_lines": 0, "excluded_lines": 0}, "missing_lines": [], "excluded_lines": [], "functions": {"": {"executed_lines": [1, 4, 5, 6, 7], "summary": {"covered_lines": 5, "num_statements": 5, "percent_covered": 100.0, "percent_covered_display": "100", "missing_lines": 0, "excluded_lines": 0}, "missing_lines": [], "excluded_lines": []}}, "classes": {"CustomPaginator": {"executed_lines": [], "summary": {"covered_lines": 0, "num_statements": 0, "percent_covered": 100.0, "percent_covered_display": "100", "missing_lines": 0, "excluded_lines": 0}, "missing_lines": [], "excluded_lines": []}, "": {"executed_lines": [1, 4, 5, 6, 7], "summary": {"covered_lines": 5, "num_statements": 5, "percent_covered": 100.0, "percent_covered_display": "100", "missing_lines": 0, "excluded_lines": 0}, "missing_lines": [], "excluded_lines": []}}}, "idea\\serializers.py": {"executed_lines": [1, 3, 4, 10, 11, 12, 13, 14, 22, 25, 26, 27, 28], "summary": {"covered_lines": 13, "num_statements": 13, "percent_covered": 100.0, "percent_covered_display": "100", "missing_lines": 0, "excluded_lines": 0}, "missing_lines": [], "excluded_lines": [], "functions": {"": {"executed_lines": [1, 3, 4, 10, 11, 12, 13, 14, 22, 25, 26, 27, 28], "summary": {"covered_lines": 13, "num_statements": 13, "percent_covered": 100.0, "percent_covered_display": "100", "missing_lines": 0, "excluded_lines": 0}, "missing_lines": [], "excluded_lines": []}}, "classes": {"IdeaSerializer": {"executed_lines": [], "summary": {"covered_lines": 0, "num_statements": 0, "percent_covered": 100.0, "percent_covered_display": "100", "missing_lines": 0, "excluded_lines": 0}, "missing_lines": [], "excluded_lines": []}, "IdeaSerializer.Meta": {"executed_lines": [], "summary": {"covered_lines": 0, "num_statements": 0, "percent_covered": 100.0, "percent_covered_display": "100", "missing_lines": 0, "excluded_lines": 0}, "missing_lines": [], "excluded_lines": []}, "PublicListIdeaSerializer": {"executed_lines": [], "summary": {"covered_lines": 0, "num_statements": 0, "percent_covered": 100.0, "percent_covered_display": "100", "missing_lines": 0, "excluded_lines": 0}, "missing_lines": [], "excluded_lines": []}, "PublicListIdeaSerializer.Meta": {"executed_lines": [], "summary": {"covered_lines": 0, "num_statements": 0, "percent_covered": 100.0, "percent_covered_display": "100", "missing_lines": 0, "excluded_lines": 0}, "missing_lines": [], "excluded_lines": []}, "": {"executed_lines": [1, 3, 4, 10, 11, 12, 13, 14, 22, 25, 26, 27, 28], "summary": {"covered_lines": 13, "num_statements": 13, "percent_covered": 100.0, "percent_covered_display": "100", "missing_lines": 0, "excluded_lines": 0}, "missing_lines": [], "excluded_lines": []}}}, "idea\\tests.py": {"executed_lines": [2, 3, 4, 6, 9, 10, 12, 15, 18, 19, 22, 28, 29, 30], "summary": {"covered_lines": 12, "num_statements": 12, "percent_covered": 100.0, "percent_covered_display": "100", "missing_lines": 0, "excluded_lines": 1}, "missing_lines": [], "excluded_lines": [18], "functions": {"SimpleMyideaTest.test_idea_basic_functionality": {"executed_lines": [15, 18, 19, 22, 28, 29, 30], "summary": {"covered_lines": 6, "num_statements": 6, "percent_covered": 100.0, "percent_covered_display": "100", "missing_lines": 0, "excluded_lines": 1}, "missing_lines": [], "excluded_lines": [18]}, "": {"executed_lines": [2, 3, 4, 6, 9, 10, 12], "summary": {"covered_lines": 6, "num_statements": 6, "percent_covered": 100.0, "percent_covered_display": "100", "missing_lines": 0, "excluded_lines": 0}, "missing_lines": [], "excluded_lines": []}}, "classes": {"SimpleMyideaTest": {"executed_lines": [15, 18, 19, 22, 28, 29, 30], "summary": {"covered_lines": 6, "num_statements": 6, "percent_covered": 100.0, "percent_covered_display": "100", "missing_lines": 0, "excluded_lines": 1}, "missing_lines": [], "excluded_lines": [18]}, "": {"executed_lines": [2, 3, 4, 6, 9, 10, 12], "summary": {"covered_lines": 6, "num_statements": 6, "percent_covered": 100.0, "percent_covered_display": "100", "missing_lines": 0, "excluded_lines": 0}, "missing_lines": [], "excluded_lines": []}}}, "idea\\urls.py": {"executed_lines": [1, 3, 4, 19, 21], "summary": {"covered_lines": 5, "num_statements": 5, "percent_covered": 100.0, "percent_covered_display": "100", "missing_lines": 0, "excluded_lines": 0}, "missing_lines": [], "excluded_lines": [], "functions": {"": {"executed_lines": [1, 3, 4, 19, 21], "summary": {"covered_lines": 5, "num_statements": 5, "percent_covered": 100.0, "percent_covered_display": "100", "missing_lines": 0, "excluded_lines": 0}, "missing_lines": [], "excluded_lines": []}}, "classes": {"": {"executed_lines": [1, 3, 4, 19, 21], "summary": {"covered_lines": 5, "num_statements": 5, "percent_covered": 100.0, "percent_covered_display": "100", "missing_lines": 0, "excluded_lines": 0}, "missing_lines": [], "excluded_lines": []}}}, "idea\\validators.py": {"executed_lines": [1, 3, 4, 7, 8, 12, 13, 16, 20, 28, 36, 37, 41, 42, 43, 47, 56], "summary": {"covered_lines": 15, "num_statements": 24, "percent_covered": 62.5, "percent_covered_display": "62", "missing_lines": 9, "excluded_lines": 0}, "missing_lines": [21, 22, 23, 24, 29, 48, 49, 50, 57], "excluded_lines": [], "functions": {"OffensiveWordValidator.__init__": {"executed_lines": [13, 16], "summary": {"covered_lines": 2, "num_statements": 2, "percent_covered": 100.0, "percent_covered_display": "100", "missing_lines": 0, "excluded_lines": 0}, "missing_lines": [], "excluded_lines": []}, "OffensiveWordValidator.__call__": {"executed_lines": [], "summary": {"covered_lines": 0, "num_statements": 4, "percent_covered": 0.0, "percent_covered_display": "0", "missing_lines": 4, "excluded_lines": 0}, "missing_lines": [21, 22, 23, 24], "excluded_lines": []}, "OffensiveWordValidator.__eq__": {"executed_lines": [], "summary": {"covered_lines": 0, "num_statements": 1, "percent_covered": 0.0, "percent_covered_display": "0", "missing_lines": 1, "excluded_lines": 0}, "missing_lines": [29], "excluded_lines": []}, "ConditionalLengthValidator.__init__": {"executed_lines": [42, 43], "summary": {"covered_lines": 2, "num_statements": 2
[...]
t_covered_display": "100", "missing_lines": 0, "excluded_lines": 4}, "missing_lines": [], "excluded_lines": [2, 25, 33, 68]}}, "classes": {"StyleFormMixin": {"executed_lines": [], "summary": {"covered_lines": 0, "num_statements": 7, "percent_covered": 0.0, "percent_covered_display": "0", "missing_lines": 7, "excluded_lines": 0}, "missing_lines": [10, 11, 12, 13, 14, 15, 17], "excluded_lines": []}, "UserRegisterForm": {"executed_lines": [], "summary": {"covered_lines": 0, "num_statements": 9, "percent_covered": 0.0, "percent_covered_display": "0", "missing_lines": 9, "excluded_lines": 12}, "missing_lines": [63, 64, 65, 66, 76, 85, 87, 88, 89], "excluded_lines": [69, 70, 71, 72, 73, 77, 78, 79, 80, 81, 82, 86]}, "UserRegisterForm.Meta": {"executed_lines": [], "summary": {"covered_lines": 0, "num_statements": 0, "percent_covered": 100.0, "percent_covered_display": "100", "missing_lines": 0, "excluded_lines": 0}, "missing_lines": [], "excluded_lines": []}, "UserProfileForm": {"executed_lines": [], "summary": {"covered_lines": 0, "num_statements": 9, "percent_covered": 0.0, "percent_covered_display": "0", "missing_lines": 9, "excluded_lines": 0}, "missing_lines": [106, 107, 108, 110, 111, 112, 113, 114, 115], "excluded_lines": []}, "UserProfileForm.Meta": {"executed_lines": [], "summary": {"covered_lines": 0, "num_statements": 0, "percent_covered": 100.0, "percent_covered_display": "100", "missing_lines": 0, "excluded_lines": 0}, "missing_lines": [], "excluded_lines": []}, "CustomSetPasswordForm": {"executed_lines": [], "summary": {"covered_lines": 0, "num_statements": 1, "percent_covered": 0.0, "percent_covered_display": "0", "missing_lines": 1, "excluded_lines": 7}, "missing_lines": [120], "excluded_lines": [121, 122, 124, 125, 126, 127, 129]}, "": {"executed_lines": [1, 2, 3, 5, 8, 9, 20, 21, 25, 33, 42, 43, 44, 45, 56, 62, 68, 75, 84, 92, 93, 94, 95, 105, 118, 119], "summary": {"covered_lines": 21, "num_statements": 21, "percent_covered": 100.0, "percent_covered_display": "100", "missing_lines": 0, "excluded_lines": 4}, "missing_lines": [], "excluded_lines": [2, 25, 33, 68]}}}, "user\\management\\__init__.py": {"executed_lines": [], "summary": {"covered_lines": 0, "num_statements": 0, "percent_covered": 100.0, "percent_covered_display": "100", "missing_lines": 0, "excluded_lines": 0}, "missing_lines": [], "excluded_lines": [], "functions": {"": {"executed_lines": [], "summary": {"covered_lines": 0, "num_statements": 0, "percent_covered": 100.0, "percent_covered_display": "100", "missing_lines": 0, "excluded_lines": 0}, "missing_lines": [], "excluded_lines": []}}, "classes": {"": {"executed_lines": [], "summary": {"covered_lines": 0, "num_statements": 0, "percent_covered": 100.0, "percent_covered_display": "100", "missing_lines": 0, "excluded_lines": 0}, "missing_lines": [], "excluded_lines": []}}}, "user\\models.py": {"executed_lines": [1, 2, 3, 6, 7, 20, 36, 37, 38, 41, 48, 55, 62, 63, 72, 73, 75, 76, 77, 79, 80, 82, 83], "summary": {"covered_lines": 19, "num_statements": 22, "percent_covered": 86.36363636363636, "percent_covered_display": "86", "missing_lines": 3, "excluded_lines": 28}, "missing_lines": [84, 85, 86], "excluded_lines": [7, 8, 9, 10, 11, 12, 13, 14, 15, 16, 17, 18, 20, 21, 22, 23, 24, 25, 26, 27, 28, 29, 30, 31, 32, 33, 79, 80], "functions": {"UserManager.create_user": {"executed_lines": [], "summary": {"covered_lines": 0, "num_statements": 0, "percent_covered": 100.0, "percent_covered_display": "100", "missing_lines": 0, "excluded_lines": 11}, "missing_lines": [], "excluded_lines": [8, 9, 10, 11, 12, 13, 14, 15, 16, 17, 18]}, "UserManager.create_superuser": {"executed_lines": [], "summary": {"covered_lines": 0, "num_statements": 0, "percent_covered": 100.0, "percent_covered_display": "100", "missing_lines": 0, "excluded_lines": 13}, "missing_lines": [], "excluded_lines": [21, 22, 23, 24, 25, 26, 27, 28, 29, 30, 31, 32, 33]}, "User.__str__": {"executed_lines": [80], "summary": {"covered_lines": 0, "num_statements": 0, "percent_covered": 100.0, "percent_covered_display": "100", "missing_lines": 0, "excluded_lines": 1}, "missing_lines": [], "excluded_lines": [80]}, "User.avatar_url": {"executed_lines": [], "summary": {"covered_lines": 0, "num_statements": 3, "percent_covered": 0.0, "percent_covered_display": "0", "missing_lines": 3, "excluded_lines": 0}, "missing_lines": [84, 85, 86], "excluded_lines": []}, "": {"executed_lines": [1, 2, 3, 6, 7, 20, 36, 37, 38, 41, 48, 55, 62, 63, 72, 73, 75, 76, 77, 79, 82, 83], "summary": {"covered_lines": 19, "num_statements": 19, "percent_covered": 100.0, "percent_covered_display": "100", "missing_lines": 0, "excluded_lines": 3}, "missing_lines": [], "excluded_lines": [7, 20, 79]}}, "classes": {"UserManager": {"executed_lines": [], "summary": {"covered_lines": 0, "num_statements": 0, "percent_covered": 100.0, "percent_covered_display": "100", "missing_lines": 0, "excluded_lines": 24}, "missing_lines": [], "excluded_lines": [8, 9, 10, 11, 12, 13, 14, 15, 16, 17, 18, 21, 22, 23, 24, 25, 26, 27, 28, 29, 30, 31, 32, 33]}, "User": {"executed_lines": [80], "summary": {"covered_lines": 0, "num_statements": 3, "percent_covered": 0.0, "percent_covered_display": "0", "missing_lines": 3, "excluded_lines": 1}, "missing_lines": [84, 85, 86], "excluded_lines": [80]}, "User.Meta": {"executed_lines": [], "summary": {"covered_lines": 0, "num_statements": 0, "percent_covered": 100.0, "percent_covered_display": "100", "missing_lines": 0, "excluded_lines": 0}, "missing_lines": [], "excluded_lines": []}, "": {"executed_lines": [1, 2, 3, 6, 7, 20, 36, 37, 38, 41, 48, 55, 62, 63, 72, 73, 75, 76, 77, 79, 82, 83], "summary": {"covered_lines": 19, "num_statements": 19, "percent_covered": 100.0, "percent_covered_display": "100", "missing_lines": 0, "excluded_lines": 3}, "missing_lines": [], "excluded_lines": [7, 20, 79]}}}, "user\\permissions.py": {"executed_lines": [], "summary": {"covered_lines": 0, "num_statements": 4, "percent_covered": 0.0, "percent_covered_display": "0", "missing_lines": 4, "excluded_lines": 0}, "missing_lines": [1, 4, 7, 8], "excluded_lines": [], "functions": {"IsModer.has_permission": {"executed_lines": [], "summary": {"covered_lines": 0, "num_statements": 1, "percent_covered": 0.0, "percent_covered_display": "0", "missing_lines": 1, "excluded_lines": 0}, "missing_lines": [8], "excluded_lines": []}, "": {"executed_lines": [], "summary": {"covered_lines": 0, "num_statements": 3, "percent_covered": 0.0, "percent_covered_display": "0", "missing_lines": 3, "excluded_lines": 0}, "missing_lines": [1, 4, 7], "excluded_lines": []}}, "classes": {"IsModer": {"executed_lines": [], "summary": {"covered_lines": 0, "num_statements": 1, "percent_covered": 0.0, "percent_covered_display": "0", "missing_lines": 1, "excluded_lines": 0}, "missing_lines": [8], "excluded_lines": []}, "": {"executed_lines": [], "summary": {"covered_lines": 0, "num_statements": 3, "percent_covered": 0.0, "percent_covered_display": "0", "missing_lines": 3, "excluded_lines": 0}, "missing_lines": [1, 4, 7], "excluded_lines": []}}}, "user\\serializers.py": {"executed_lines": [1, 3, 6, 7, 8, 9, 12, 14, 15, 16, 18, 23, 25, 26, 27, 28, 31, 33, 34, 35], "summary": {"covered_lines": 20, "num_statements": 22, "percent_covered": 90.9090909090909, "percent_covered_display": "91", "missing_lines": 2, "excluded_lines": 0}, "missing_lines": [19, 20], "excluded_lines": [], "functions": {"UserSerializers.get_field_names": {"executed_lines": [], "summary": {"covered_lines": 0, "num_statements": 2, "percent_covered": 0.0, "percent_covered_display": "0", "missing_lines": 2, "excluded_lines": 0}, "missing_lines": [19, 20], "excluded_lines": []}, "": {"executed_lines": [1, 3, 6, 7, 8, 9, 12, 14, 15, 16, 18, 23, 25, 26, 27, 28, 31, 33, 34, 35], "summary": {"covered_lines": 20, "num_statements": 20, "percent_covered": 100.0, "percent_covered_display": "100", "missing_lines": 0, "excluded_lines": 0}, "missing_lines": [], "excluded_lines": []}}, "classes": {"UserRegisterSerializer": {"executed_lines": [], "summary": {"covered_lines": 0, "num_statements": 0, "percent_covered": 100.0, "percent_covered_display": "100", "missing_lines": 0, "excluded_lines": 0}, "missing_lines": [], "excluded_lines": []}, "UserRegisterSerializer.Meta": {"executed_lines": [], "summary": {"covered_lines": 0, "num_statements": 0, "percent_covered": 100.0, "percent_covered_display": "100", "missing_lines": 0, "excluded_lines": 0}, "missing_lines": [], "excluded_lines": []}, "UserSerializers": {"executed_lines": [], "summary": {"covered_lines": 0, "num_statements": 2, "percent_covered": 0.0, "percent_covered_display": "0", "missing_lines": 2, "excluded_lines": 0}, "missing_lines": [19, 20], "excluded_lines": []}, "UserSerializers.Meta": {"executed_lines": [], "summary": {"covered_lines": 0, "num_statements": 0, "percent_covered": 100.0, "percent_covered_display": "100", "missing_lines": 0, "excluded_lines": 0}, "missing_lines": [], "excluded_lines": []}, "UserPublicSerializer": {"executed_lines": [], "summary": {"covered_lines": 0, "num_statements": 0, "percent_covered": 100.0, "percent_covered_display": "100", "missing_lines": 0, "excluded_lines": 0}, "missing_lines": [], "excluded_lines": []}, "UserPublicSerializer.Meta": {"executed_lines": [], "summary": {"covered_lines": 0, "num_statements": 0, "percent_covered": 100.0, "percent_covered_display": "100", "missing_lines": 0, "excluded_lines": 0}, "missing_lines": [], "excluded_lines": []}, "UserDetailSerializer": {"executed_lines": [], "summary": {"covered_lines": 0, "num_statements": 0, "percent_covered": 100.0, "percent_covered_display": "100", "missing_lines": 0, "excluded_lines": 0}, "missing_lines": [], "excluded_lines": []}, "UserDetailSerializer.Meta": {"executed_lines": [], "summary": {"covered_lines": 0, "num_statements": 0, "percent_covered": 100.0, "percent_covered_display": "100", "missing_lines": 0, "excluded_lines": 0}, "missing_lines": [], "excluded_lines": []}, "": {"executed_lines": [1, 3, 6, 7, 8, 9, 12, 14, 15, 16, 18, 23, 25, 26, 27, 28, 31, 33, 34, 35], "summary": {"covered_lines": 20, "num_statements": 20, "percent_covered": 100.0, "percent_covered_display": "100", "missing_lines": 0, "excluded_lines": 0}, "missing_lines": [], "excluded_lines": []}}}, "user\\tests.py": {"executed_lines": [1, 2, 3, 4, 6, 9, 10, 12, 13, 14, 16, 17, 18, 23, 24, 27, 28, 33, 34, 42, 43, 60, 61], "summary": {"covered_lines": 21, "num_statements": 39, "percent_covered": 53.84615384615385, "percent_covered_display": "54", "missing_lines": 18, "excluded_lines": 1}, "missing_lines": [25, 30, 31, 36, 37, 39, 40, 45, 47, 52, 54, 56, 57, 58, 63, 65, 67, 68], "excluded_lines": [18], "functions": {"TestUserAPI.api_client": {"executed_lines": [14], "summary": {"covered_lines": 1, "num_statements": 1, "percent_covered": 100.0, "percent_covered_display": "100", "missing_lines": 0, "excluded_lines": 0}, "missing_lines": [], "excluded_lines": []}, "TestUserAPI.user": {"executed_lines": [18], "summary": {"covered_lines": 0, "num_statements": 0, "percent_covered": 100.0, "percent_covered_display": "100", "missing_lines": 0, "excluded_lines": 1}, "missing_lines": [], "excluded_lines": [18]}, "TestUserAPI.user_detail_url": {"executed_lines": [], "summary": {"covered_lines": 0, "num_statements": 1, "percent_covered": 0.0, "percent_covered_display": "0", "missing_lines": 1, "excluded_lines": 0}, "missing_lines": [25], "excluded_lines": []}, "TestUserAPI.test_user_retrieve_requires_auth": {"executed_lines": [], "summary": {"covered_lines": 0, "num_statements": 2, "percent_covered": 0.0, "percent_covered_display": "0", "missing_lines": 2, "excluded_lines": 0}, "missing_lines": [30, 31], "excluded_lines": []}, "TestUserAPI.test_user_retrieve": {"executed_lines": [], "summary": {"covered_lines": 0, "num_statements": 4, "percent_covered": 0.0, "percent_covered_display": "0", "missing_lines": 4, "excluded_lines": 0}, "missing_lines": [36, 37, 39, 40], "excluded_lines": []}, "TestUserAPI.test_user_update": {"executed_lines": [], "summary": {"covered_lines": 0, "num_statements": 7, "percent_covered": 0.0, "percent_covered_display": "0", "missing_lines": 7, "excluded_lines": 0}, "missing_lines": [45, 47, 52, 54, 56, 57, 58], "excluded_lines": []}, "TestUserAPI.test_user_delete": {"executed_lines": [], "summary": {"covered_lines": 0, "num_statements": 4, "percent_covered": 0.0, "percent_covered_display": "0", "missing_lines": 4, "excluded_lines": 0}, "missing_lines": [63, 65, 67, 68], "excluded_lines": []}, "": {"executed_lines": [1, 2, 3, 4, 6, 9, 10, 12, 13, 16, 17, 23, 24, 27, 28, 33, 34, 42, 43, 60, 61], "summary": {"covered_lines": 20, "num_statements": 20, "percent_covered": 100.0, "percent_covered_display": "100", "missing_lines": 0, "excluded_lines": 0}, "missing_lines": [], "excluded_lines": []}}, "classes": {"TestUserAPI": {"executed_lines": [14, 18], "summary": {"covered_lines": 1, "num_statements": 19, "percent_covered": 5.2631578947368425, "percent_covered_display": "5", "missing_lines": 18, "excluded_lines": 1}, "missing_lines": [25, 30, 31, 36, 37, 39, 40, 45, 47, 52, 54, 56, 57, 58, 63, 65, 67, 68], "excluded_lines": [18]}, "": {"executed_lines": [1, 2, 3, 4, 6, 9, 10, 12, 13, 16, 17, 23, 24, 27, 28, 33, 34, 42, 43, 60, 61], "summary": {"covered_lines": 20, "num_statements": 20, "percent_covered": 100.0, "percent_covered_display": "100", "missing_lines": 0, "excluded_lines": 0}, "missing_lines": [], "excluded_lines": []}}}, "user\\urls.py": {"executed_lines": [1, 2, 11, 12, 13, 23, 25, 27], "summary": {"covered_lines": 7, "num_statements": 7, "percent_covered": 100.0, "percent_covered_display": "100", "missing_lines": 0, "excluded_lines": 1}, "missing_lines": [], "excluded_lines": [27], "functions": {"": {"executed_lines": [1, 2, 11, 12, 13, 23, 25, 27], "summary": {"covered_lines": 7, "num_statements": 7, "percent_covered": 100.0, "percent_covered_display": "100", "missing_lines": 0, "excluded_lines": 1}, "missing_lines": [], "excluded_lines": [27]}}, "classes": {"": {"executed_lines": [1, 2, 11, 12, 13, 23, 25, 27], "summary": {"covered_lines": 7, "num_statements": 7, "percent_covered": 100.0, "percent_covered_display": "100", "missing_lines": 0, "excluded_lines": 1}, "missing_lines": [], "excluded_lines": [27]}}}, "user\\views.py": {"executed_lines": [1, 2, 3, 4, 5, 6, 8, 9, 10, 11, 12, 13, 18, 20, 21, 22, 23, 28, 29, 30, 31, 32, 34, 75, 82, 91, 92, 93, 94, 95, 97, 100, 105, 106, 107, 108, 111, 112, 114, 115, 116, 119, 120, 122, 123, 124, 127, 128, 130, 131, 132, 135, 136, 137, 139, 144], "summary": {"covered_lines": 53, "num_statements": 102, "percent_covered": 51.96078431372549, "percent_covered_display": "52", "missing_lines": 49, "excluded_lines": 3}, "missing_lines": [35, 37, 38, 39, 40, 43, 46, 47, 50, 52, 53, 59, 60, 61, 65, 68, 70, 71, 72, 73, 76, 77, 78, 79, 83, 84, 85, 86, 87, 88, 98, 101, 102, 140, 141, 142, 145, 148, 153, 154, 155, 156, 157, 158, 160, 164, 166, 167, 169], "excluded_lines": [63, 146, 151], "functions": {"UserCreateView.form_valid": {"executed_lines": [], "summary": {"covered_lines": 0, "num_statements": 20, "percent_covered": 0.0, "percent_covered_display": "0", "missing_lines": 20, "excluded_lines": 1}, "missing_lines": [35, 37, 38, 39, 40, 43, 46, 47, 50, 52, 53, 59, 60, 61, 65, 68, 70, 71, 72, 73], "excluded_lines": [63]}, "UserCreateView.form_invalid": {"executed_lines": [], "summary": {"covered_lines": 0, "num_statements": 4, "percent_covered": 0.0, "percent_covered_display": "0", "missing_lines": 4, "excluded_lines": 0}, "missing_lines": [76, 77, 78, 79], "excluded_lines": []}, "email_verification": {"executed_lines": [], "summary": {"covered_lines": 0, "num_statements": 6, "percent_covered": 0.0, "percent_covered_display": "0", "missing_lines": 6, "excluded_lines": 0}, "missing_lines": [83, 84, 85, 86, 87, 88], "excluded_lines": []}, "UserProfileUpdateView.get_object": {"executed_lines": [], "summary": {"covered_lines": 0, "num_statements": 1, "percent_covered": 0.0, "percent_covered_display": "0", "missing_lines": 1, "excluded_lines": 0}, "missing_lines": [98], "excluded_lines": []}, "UserProfileUpdateView.form_valid": {"executed_lines": [], "summary": {"covered_lines": 0, "num_statements": 2, "percent_covered": 0.0, "percent_covered_display": "0", "missing_lines": 2, "excluded_lines": 0}, "missing_lines": [101, 102], "excluded_lines": []}, "CustomLoginView.get": {"executed_lines": [], "summary": {"covered_lines": 0, "num_statements": 3, "percent_covered": 0.0, "percent_covered_display": "0", "missing_lines": 3, "excluded_lines": 0}, "missing_lines": [140, 141, 142], "excluded_lines": []}, "CustomLoginView.post": {"executed_lines": [], "summary": {"covered_lines": 0, "num_statements": 13, "percent_covered": 0.0, "percent_covered_display": "0", "missing_lines": 13, "excluded_lines": 2}, "missing_lines": [145, 148, 153, 154, 155, 156, 157, 158, 160, 164, 166, 167, 169], "excluded_lines": [146, 151]}, "": {"executed_lines": [1, 2, 3, 4, 5, 6, 8, 9, 10, 11, 12, 13, 18, 20, 21, 22, 23, 28, 29, 30, 31, 32, 34, 75, 82, 91, 92, 93, 94, 95, 97, 100, 105, 106, 107, 108, 111, 112, 114, 115, 116, 119, 120, 122, 123, 124, 127, 128, 130, 131, 132, 135, 136, 137, 139, 144], "summary": {"covered_lines": 53, "num_statements": 53, "percent_covered": 100.0, "percent_covered_display": "100", "missing_lines": 0, "excluded_lines": 0}, "missing_lines": [], "excluded_lines": []}}, "classes": {"UserCreateView": {"executed_lines": [], "summary": {"covered_lines": 0, "num_statements": 24, "percent_covered": 0.0, "percent_covered_display": "0", "missing_lines": 24, "excluded_lines": 1}, "missing_lines": [35, 37, 38, 39, 40, 43, 46, 47, 50, 52, 53, 59, 60, 61, 65, 68, 70, 71, 72, 73, 76, 77, 78, 79], "excluded_lines": [63]}, "UserProfileUpdateView": {"executed_lines": [], "summary": {"covered_lines": 0, "num_statements": 3, "percent_covered": 0.0, "percent_covered_display": "0", "missing_lines": 3, "excluded_lines": 0}, "missing_lines": [98, 101, 102], "excluded_lines": []}, "UserListView": {"executed_lines": [], "summary": {"covered_lines": 0, "num_statements": 0, "percent_covered": 100.0, "percent_covered_display": "100", "missing_lines": 0, "excluded_lines": 0}, "missing_lines": [], "excluded_lines": []}, "UserRetrieveAPIView": {"executed_lines": [], "summary": {"covered_lines": 0, "num_statements": 0, "percent_covered": 100.0, "percent_covered_display": "100", "missing_lines": 0, "excluded_lines": 0}, "missing_lines": [], "excluded_lines": []}, "UserUpdateAPIView": {"executed_lines": [], "summary": {"covered_lines": 0, "num_statements": 0, "percent_covered": 100.0, "percent_covered_display": "100", "missing_lines": 0, "excluded_lines": 0}, "missing_lines": [], "excluded_lines": []}, "UserDestroyAPIView": {"executed_lines": [], "summary": {"covered_lines": 0, "num_statements": 0, "percent_covered": 100.0, "percent_covered_display": "100", "missing_lines": 0, "excluded_lines": 0}, "missing_lines": [], "excluded_lines": []}, "CustomLoginView": {"executed_lines": [], "summary": {"covered_lines": 0, "num_statements": 16, "percent_covered": 0.0, "percent_covered_display": "0", "missing_lines": 16, "excluded_lines": 2}, "missing_lines": [140, 141, 142, 145, 148, 153, 154, 155, 156, 157, 158, 160, 164, 166, 167, 169], "excluded_lines": [146, 151]}, "": {"executed_lines": [1, 2, 3, 4, 5, 6, 8, 9, 10, 11, 12, 13, 18, 20, 21, 22, 23, 28, 29, 30, 31, 32, 34, 75, 82, 91, 92, 93, 94, 95, 97, 100, 105, 106, 107, 108, 111, 112, 114, 115, 116, 119, 120, 122, 123, 124, 127, 128, 130, 131, 132, 135, 136, 137, 139, 144], "summary": {"covered_lines": 53, "num_statements": 59, "percent_covered": 89.83050847457628, "percent_covered_display": "90", "missing_lines": 6, "excluded_lines": 0}, "missing_lines": [83, 84, 85, 86, 87, 88], "excluded_lines": []}}}}, "totals": {"covered_lines": 1159, "num_statements": 1785, "percent_covered": 64.92997198879551, "percent_covered_display": "65", "missing_lines": 626, "excluded_lines": 120}}